debug_trace.log  —  2026-03-28 15:15:49

========================================================================
  [A]  AugmentedCaseGenerator — job row order per augmented instance
========================================================================

  Original job rows (physical job 0 .. 9):
    physical job 0: 5 5 1 7 2 6 3 9 4 9 5 6 2 1 6 3 8 5 1 15 2 18 3 18 4 12 5 18 2 1 12 4 11 3 2 20 
    physical job 1: 5 2 2 16 5 13 1 2 2 5 1 16 2 11 3 12 4 16 5 10 3 1 15 2 15 5 16 5 1 16 2 13 3 15
    physical job 2: 4 5 1 2 2 2 3 2 4 2 5 2 2 3 7 4 5 3 1 13 3 15 4 16 1 1 3
    physical job 3: 5 1 4 7 3 1 5 3 5 5 6 4 1 14 2 14 3 18 5 14 5 1 19 2 14 3 16 4 20 5 18 1 4 13
    physical job 4: 6 3 1 14 4 16 5 15 4 1 17 2 20 3 18 4 18 3 1 1 3 1 5 1 5 1 2 2 2 3 2 4 2 5 2 2 1
    physical job 5: 5 4 1 10 2 11 3 8 4 8 4 1 16 3 15 4 15 5 14 5 1 2 2 2 3 2 4 2 5 2 3 1 14 3 11 4 
    physical job 6: 5 5 1 19 2 19 3 15 4 15 5 19 1 2 4 1 3 5 4 1 1 3 1 4 1 5 1 1 2 15
    physical job 7: 5 5 1 12 2 11 3 14 4 11 5 11 4 1 12 3 13 4 13 5 11 3 1 1 3 1 4 1 2 3 7 4 6 3 3 1
    physical job 8: 5 1 3 1 2 1 17 2 15 5 1 18 2 16 3 16 4 16 5 20 2 2 4 5 5 2 3 6 4 6
    physical job 9: 5 2 3 4 5 4 5 1 18 2 17 3 16 4 17 5 20 4 1 6 3 6 4 6 5 7 1 3 11 1 2 9

  aug_id=0  shift=0  (job_rows[0:] + job_rows[:0])
    slot/job_index 0  <--  physical job 0  | 5 5 1 7 2 6 3 9 4 9 5 6 2 1 6 3 8 5 1 15 2 18 3 18 4 12 5 18
    slot/job_index 1  <--  physical job 1  | 5 2 2 16 5 13 1 2 2 5 1 16 2 11 3 12 4 16 5 10 3 1 15 2 15 5
    slot/job_index 2  <--  physical job 2  | 4 5 1 2 2 2 3 2 4 2 5 2 2 3 7 4 5 3 1 13 3 15 4 16 1 1 3
    slot/job_index 3  <--  physical job 3  | 5 1 4 7 3 1 5 3 5 5 6 4 1 14 2 14 3 18 5 14 5 1 19 2 14 3 16
    slot/job_index 4  <--  physical job 4  | 6 3 1 14 4 16 5 15 4 1 17 2 20 3 18 4 18 3 1 1 3 1 5 1 5 1 2
    slot/job_index 5  <--  physical job 5  | 5 4 1 10 2 11 3 8 4 8 4 1 16 3 15 4 15 5 14 5 1 2 2 2 3 2 4 
    slot/job_index 6  <--  physical job 6  | 5 5 1 19 2 19 3 15 4 15 5 19 1 2 4 1 3 5 4 1 1 3 1 4 1 5 1 1
    slot/job_index 7  <--  physical job 7  | 5 5 1 12 2 11 3 14 4 11 5 11 4 1 12 3 13 4 13 5 11 3 1 1 3 1
    slot/job_index 8  <--  physical job 8  | 5 1 3 1 2 1 17 2 15 5 1 18 2 16 3 16 4 16 5 20 2 2 4 5 5 2 3
    slot/job_index 9  <--  physical job 9  | 5 2 3 4 5 4 5 1 18 2 17 3 16 4 17 5 20 4 1 6 3 6 4 6 5 7 1 3

  aug_id=1  shift=3  (job_rows[3:] + job_rows[:3])
    slot/job_index 0  <--  physical job 3  | 5 1 4 7 3 1 5 3 5 5 6 4 1 14 2 14 3 18 5 14 5 1 19 2 14 3 16
    slot/job_index 1  <--  physical job 4  | 6 3 1 14 4 16 5 15 4 1 17 2 20 3 18 4 18 3 1 1 3 1 5 1 5 1 2
    slot/job_index 2  <--  physical job 5  | 5 4 1 10 2 11 3 8 4 8 4 1 16 3 15 4 15 5 14 5 1 2 2 2 3 2 4 
    slot/job_index 3  <--  physical job 6  | 5 5 1 19 2 19 3 15 4 15 5 19 1 2 4 1 3 5 4 1 1 3 1 4 1 5 1 1
    slot/job_index 4  <--  physical job 7  | 5 5 1 12 2 11 3 14 4 11 5 11 4 1 12 3 13 4 13 5 11 3 1 1 3 1
    slot/job_index 5  <--  physical job 8  | 5 1 3 1 2 1 17 2 15 5 1 18 2 16 3 16 4 16 5 20 2 2 4 5 5 2 3
    slot/job_index 6  <--  physical job 9  | 5 2 3 4 5 4 5 1 18 2 17 3 16 4 17 5 20 4 1 6 3 6 4 6 5 7 1 3
    slot/job_index 7  <--  physical job 0  | 5 5 1 7 2 6 3 9 4 9 5 6 2 1 6 3 8 5 1 15 2 18 3 18 4 12 5 18
    slot/job_index 8  <--  physical job 1  | 5 2 2 16 5 13 1 2 2 5 1 16 2 11 3 12 4 16 5 10 3 1 15 2 15 5
    slot/job_index 9  <--  physical job 2  | 4 5 1 2 2 2 3 2 4 2 5 2 2 3 7 4 5 3 1 13 3 15 4 16 1 1 3

  aug_id=2  shift=6  (job_rows[6:] + job_rows[:6])
    slot/job_index 0  <--  physical job 6  | 5 5 1 19 2 19 3 15 4 15 5 19 1 2 4 1 3 5 4 1 1 3 1 4 1 5 1 1
    slot/job_index 1  <--  physical job 7  | 5 5 1 12 2 11 3 14 4 11 5 11 4 1 12 3 13 4 13 5 11 3 1 1 3 1
    slot/job_index 2  <--  physical job 8  | 5 1 3 1 2 1 17 2 15 5 1 18 2 16 3 16 4 16 5 20 2 2 4 5 5 2 3
    slot/job_index 3  <--  physical job 9  | 5 2 3 4 5 4 5 1 18 2 17 3 16 4 17 5 20 4 1 6 3 6 4 6 5 7 1 3
    slot/job_index 4  <--  physical job 0  | 5 5 1 7 2 6 3 9 4 9 5 6 2 1 6 3 8 5 1 15 2 18 3 18 4 12 5 18
    slot/job_index 5  <--  physical job 1  | 5 2 2 16 5 13 1 2 2 5 1 16 2 11 3 12 4 16 5 10 3 1 15 2 15 5
    slot/job_index 6  <--  physical job 2  | 4 5 1 2 2 2 3 2 4 2 5 2 2 3 7 4 5 3 1 13 3 15 4 16 1 1 3
    slot/job_index 7  <--  physical job 3  | 5 1 4 7 3 1 5 3 5 5 6 4 1 14 2 14 3 18 5 14 5 1 19 2 14 3 16
    slot/job_index 8  <--  physical job 4  | 6 3 1 14 4 16 5 15 4 1 17 2 20 3 18 4 18 3 1 1 3 1 5 1 5 1 2
    slot/job_index 9  <--  physical job 5  | 5 4 1 10 2 11 3 8 4 8 4 1 16 3 15 4 15 5 14 5 1 2 2 2 3 2 4 

========================================================================
  [B]  opes_appertain_batch  (operation_index -> job_index)
     Same operation content sits at a DIFFERENT job_index across instances
========================================================================

  shape: [3, 50]  [augmented_instance, operation_index]
  Each cell = the job_index that owns that operation.

  inst 0: [0, 0, 0, 0, 0, 1, 1, 1, 1, 1, 2, 2, 2, 2, 3, 3, 3, 3, 3, 4, 4, 4, 4, 4, 4, 5, 5, 5, 5, 5, 6, 6, 6, 6, 6, 7, 7, 7, 7, 7, 8, 8, 8, 8, 8, 9, 9, 9, 9, 9]
  inst 1: [0, 0, 0, 0, 0, 1, 1, 1, 1, 1, 1, 2, 2, 2, 2, 2, 3, 3, 3, 3, 3, 4, 4, 4, 4, 4, 5, 5, 5, 5, 5, 6, 6, 6, 6, 6, 7, 7, 7, 7, 7, 8, 8, 8, 8, 8, 9, 9, 9, 9]
  inst 2: [0, 0, 0, 0, 0, 1, 1, 1, 1, 1, 2, 2, 2, 2, 2, 3, 3, 3, 3, 3, 4, 4, 4, 4, 4, 5, 5, 5, 5, 5, 6, 6, 6, 6, 7, 7, 7, 7, 7, 8, 8, 8, 8, 8, 8, 9, 9, 9, 9, 9]

  Cross-instance diff for each operation_index:
  If the same physical job moved to a different slot,
  the job_index value at that operation_index changes.
    op_index   0: [0, 0, 0]  [SAME]
    op_index   1: [0, 0, 0]  [SAME]
    op_index   2: [0, 0, 0]  [SAME]
    op_index   3: [0, 0, 0]  [SAME]
    op_index   4: [0, 0, 0]  [SAME]
    op_index   5: [1, 1, 1]  [SAME]
    op_index   6: [1, 1, 1]  [SAME]
    op_index   7: [1, 1, 1]  [SAME]
    op_index   8: [1, 1, 1]  [SAME]
    op_index   9: [1, 1, 1]  [SAME]
    op_index  10: [2, 1, 2]  [DIFFERS]
    op_index  11: [2, 2, 2]  [SAME]
    op_index  12: [2, 2, 2]  [SAME]
    op_index  13: [2, 2, 2]  [SAME]
    op_index  14: [3, 2, 2]  [DIFFERS]
    op_index  15: [3, 2, 3]  [DIFFERS]
    op_index  16: [3, 3, 3]  [SAME]
    op_index  17: [3, 3, 3]  [SAME]
    op_index  18: [3, 3, 3]  [SAME]
    op_index  19: [4, 3, 3]  [DIFFERS]
    op_index  20: [4, 3, 4]  [DIFFERS]
    op_index  21: [4, 4, 4]  [SAME]
    op_index  22: [4, 4, 4]  [SAME]
    op_index  23: [4, 4, 4]  [SAME]
    op_index  24: [4, 4, 4]  [SAME]
    op_index  25: [5, 4, 5]  [DIFFERS]
    op_index  26: [5, 5, 5]  [SAME]
    op_index  27: [5, 5, 5]  [SAME]
    op_index  28: [5, 5, 5]  [SAME]
    op_index  29: [5, 5, 5]  [SAME]
    op_index  30: [6, 5, 6]  [DIFFERS]
    op_index  31: [6, 6, 6]  [SAME]
    op_index  32: [6, 6, 6]  [SAME]
    op_index  33: [6, 6, 6]  [SAME]
    op_index  34: [6, 6, 7]  [DIFFERS]
    op_index  35: [7, 6, 7]  [DIFFERS]
    op_index  36: [7, 7, 7]  [SAME]
    op_index  37: [7, 7, 7]  [SAME]
    op_index  38: [7, 7, 7]  [SAME]
    op_index  39: [7, 7, 8]  [DIFFERS]
    op_index  40: [8, 7, 8]  [DIFFERS]
    op_index  41: [8, 8, 8]  [SAME]
    op_index  42: [8, 8, 8]  [SAME]
    op_index  43: [8, 8, 8]  [SAME]
    op_index  44: [8, 8, 8]  [SAME]
    op_index  45: [9, 8, 9]  [DIFFERS]
    op_index  46: [9, 9, 9]  [SAME]
    op_index  47: [9, 9, 9]  [SAME]
    op_index  48: [9, 9, 9]  [SAME]
    op_index  49: [9, 9, 9]  [SAME]

========================================================================
  STEP 1  (decision step 1 of the scheduling episode)
========================================================================

[GATedge] step=1  h_mas  shape=[3, 5, 8]
  h_mas L2-norm per machine per instance:
    inst 0: [1.7959 2.6206 2.0568 1.7584 2.2327]
    inst 1: [1.7959 2.6206 2.0568 1.7584 2.2327]
    inst 2: [1.7959 2.6206 2.0568 1.7584 2.2327]
  Invariant check  max|h_mas[0] - h_mas[i]| across instances:
    |h_mas[0] - h_mas[1]| = 0.00000012  OK (invariant)
    |h_mas[0] - h_mas[2]| = 0.00000012  OK (invariant)

[MLPsim] step=1  h_opes  shape=[3, 50, 8]
  h_opes L2-norm per operation-index per instance:
    inst 0: [1.1459 0.7206 1.1459 0.6676 0.8178 0.592  0.3903 1.1459 0.771  1.1459
 1.1459 0.6985 0.9362 0.4114 0.3967 0.8705 0.9811 1.1459 0.3967 0.8259
 1.0269 0.8705 1.1459 0.6205 1.1459 1.0269 1.0552 1.1459 0.9362 0.4114
 1.1459 0.3903 0.4451 1.0552 0.3903 1.1459 1.0552 0.9362 0.6985 0.8459
 0.4451 0.5984 1.1459 0.592  0.6985 0.6361 1.1459 1.0552 0.4451 0.3903]
    inst 1: [0.3967 0.8705 0.9811 1.1459 0.3967 0.8259 1.0269 0.8705 1.1459 0.6205
 1.1459 1.0269 1.0552 1.1459 0.9362 0.4114 1.1459 0.3903 0.4451 1.0552
 0.3903 1.1459 1.0552 0.9362 0.6985 0.8459 0.4451 0.5984 1.1459 0.592
 0.6985 0.6361 1.1459 1.0552 0.4451 0.3903 1.1459 0.7206 1.1459 0.6676
 0.8178 0.592  0.3903 1.1459 0.771  1.1459 1.1459 0.6985 0.9362 0.4114]
    inst 2: [1.1459 0.3903 0.4451 1.0552 0.3903 1.1459 1.0552 0.9362 0.6985 0.8459
 0.4451 0.5984 1.1459 0.592  0.6985 0.6361 1.1459 1.0552 0.4451 0.3903
 1.1459 0.7206 1.1459 0.6676 0.8178 0.592  0.3903 1.1459 0.771  1.1459
 1.1459 0.6985 0.9362 0.4114 0.3967 0.8705 0.9811 1.1459 0.3967 0.8259
 1.0269 0.8705 1.1459 0.6205 1.1459 1.0269 1.0552 1.1459 0.9362 0.4114]
  Equivariant note: same physical job → same norm value, but at a DIFFERENT operation-index position across instances.

[MLPsim] step=1  h_opes  shape=[3, 50, 8]
  h_opes L2-norm per operation-index per instance:
    inst 0: [2.3365 1.6396 2.3163 1.9677 2.7767 2.0644 2.1217 1.9042 1.6768 2.5733
 4.176  3.9261 3.7207 3.9998 2.0467 1.3995 1.5396 2.2471 2.5474 3.1582
 3.3986 3.5002 3.7324 3.3506 3.8914 1.4121 1.1613 1.9254 0.8091 2.0653
 2.2811 1.9616 1.9867 1.8289 1.9212 2.5441 1.9741 2.3927 2.1992 2.6401
 2.288  1.6197 1.6923 1.7122 1.7755 1.6003 1.9842 0.8537 1.668  1.9784]
    inst 1: [2.0467 1.3995 1.5396 2.2471 2.5474 3.1582 3.3986 3.5002 3.7324 3.3506
 3.8914 1.4121 1.1613 1.9254 0.8091 2.0653 2.2811 1.9616 1.9867 1.8289
 1.9212 2.5441 1.9741 2.3927 2.1992 2.6401 2.288  1.6197 1.6923 1.7122
 1.7755 1.6003 1.9842 0.8537 1.668  1.9784 2.3365 1.6396 2.3163 1.9677
 2.7767 2.0644 2.1217 1.9042 1.6768 2.5733 4.176  3.9261 3.7207 3.9998]
    inst 2: [2.2811 1.9616 1.9867 1.8289 1.9212 2.5441 1.9741 2.3927 2.1992 2.6401
 2.288  1.6197 1.6923 1.7122 1.7755 1.6003 1.9842 0.8537 1.668  1.9784
 2.3365 1.6396 2.3163 1.9677 2.7767 2.0644 2.1217 1.9042 1.6768 2.5733
 4.176  3.9261 3.7207 3.9998 2.0467 1.3995 1.5396 2.2471 2.5474 3.1582
 3.3986 3.5002 3.7324 3.3506 3.8914 1.4121 1.1613 1.9254 0.8091 2.0653]
  Equivariant note: same physical job → same norm value, but at a DIFFERENT operation-index position across instances.

[MLPsim] step=1  h_opes  shape=[3, 50, 8]
  h_opes L2-norm per operation-index per instance:
    inst 0: [2.3677 1.9721 2.1586 1.9005 2.6563 2.0467 2.515  1.76   1.6478 2.3949
 4.2128 3.5346 3.6596 3.9016 2.236  1.6274 1.5186 2.0428 2.5445 3.2015
 3.0783 3.3876 3.4775 3.3869 3.6351 1.4259 1.2622 2.0006 0.9112 2.0887
 2.2941 1.8565 1.7802 1.8403 1.933  2.631  2.0279 2.3454 1.9688 2.4452
 2.4979 1.7138 1.6567 1.6237 1.6562 1.8015 2.0977 1.0539 1.5152 2.0594]
    inst 1: [2.236  1.6274 1.5186 2.0428 2.5445 3.2015 3.0783 3.3876 3.4775 3.3869
 3.6351 1.4259 1.2622 2.0006 0.9112 2.0887 2.2941 1.8565 1.7802 1.8403
 1.933  2.631  2.0279 2.3454 1.9688 2.4452 2.4979 1.7138 1.6567 1.6237
 1.6562 1.8015 2.0977 1.0539 1.5152 2.0594 2.3677 1.9721 2.1586 1.9005
 2.6563 2.0467 2.515  1.76   1.6478 2.3949 4.2128 3.5346 3.6596 3.9016]
    inst 2: [2.2941 1.8565 1.7802 1.8403 1.933  2.631  2.0279 2.3454 1.9688 2.4452
 2.4979 1.7138 1.6567 1.6237 1.6562 1.8015 2.0977 1.0539 1.5152 2.0594
 2.3677 1.9721 2.1586 1.9005 2.6563 2.0467 2.515  1.76   1.6478 2.3949
 4.2128 3.5346 3.6596 3.9016 2.236  1.6274 1.5186 2.0428 2.5445 3.2015
 3.0783 3.3876 3.4775 3.3869 3.6351 1.4259 1.2622 2.0006 0.9112 2.0887]
  Equivariant note: same physical job → same norm value, but at a DIFFERENT operation-index position across instances.

[MLPsim] step=1  h_opes  shape=[3, 50, 8]
  h_opes L2-norm per operation-index per instance:
    inst 0: [2.514  1.9526 2.3978 1.8449 2.7549 2.2456 2.1186 1.9299 1.6993 2.6052
 4.4258 3.9486 3.8089 3.7935 2.2479 1.6526 1.7284 2.2387 2.42   3.0322
 3.0693 3.185  3.3563 3.2321 3.7863 1.6962 1.4795 1.8858 0.701  1.8091
 2.5074 1.6778 1.5712 1.7551 1.8946 2.7956 2.1538 2.2515 1.9935 2.344
 2.4376 2.1308 1.8911 1.3995 1.5219 1.8861 2.2483 0.893  1.3906 1.7599]
    inst 1: [2.2479 1.6526 1.7284 2.2387 2.42   3.0322 3.0693 3.185  3.3563 3.2321
 3.7863 1.6962 1.4795 1.8858 0.701  1.8091 2.5074 1.6778 1.5712 1.7551
 1.8946 2.7956 2.1538 2.2515 1.9935 2.344  2.4376 2.1308 1.8911 1.3995
 1.5219 1.8861 2.2483 0.893  1.3906 1.7599 2.514  1.9526 2.3978 1.8449
 2.7549 2.2456 2.1186 1.9299 1.6993 2.6052 4.4258 3.9486 3.8089 3.7935]
    inst 2: [2.5074 1.6778 1.5712 1.7551 1.8946 2.7956 2.1538 2.2515 1.9935 2.344
 2.4376 2.1308 1.8911 1.3995 1.5219 1.8861 2.2483 0.893  1.3906 1.7599
 2.514  1.9526 2.3978 1.8449 2.7549 2.2456 2.1186 1.9299 1.6993 2.6052
 4.4258 3.9486 3.8089 3.7935 2.2479 1.6526 1.7284 2.2387 2.42   3.0322
 3.0693 3.185  3.3563 3.2321 3.7863 1.6962 1.4795 1.8858 0.701  1.8091]
  Equivariant note: same physical job → same norm value, but at a DIFFERENT operation-index position across instances.

[GATedge] step=1  h_mas  shape=[3, 5, 8]
  h_mas L2-norm per machine per instance:
    inst 0: [3.07   3.7606 3.2393 3.1251 3.4549]
    inst 1: [3.07   3.7606 3.2393 3.1251 3.4549]
    inst 2: [3.07   3.7606 3.2393 3.1251 3.4549]
  Invariant check  max|h_mas[0] - h_mas[i]| across instances:
    |h_mas[0] - h_mas[1]| = 0.00000024  OK (invariant)
    |h_mas[0] - h_mas[2]| = 0.00000012  OK (invariant)

[MLPsim] step=1  h_opes  shape=[3, 50, 8]
  h_opes L2-norm per operation-index per instance:
    inst 0: [1.2766 0.582  1.2766 0.6204 0.862  0.8266 0.542  1.2766 0.9803 1.2766
 1.2766 0.5967 0.7412 0.423  0.4404 0.791  1.0796 1.2766 0.4404 0.853
 1.0069 0.791  1.2766 0.6856 1.2766 1.0069 0.9679 1.2766 0.7412 0.423
 1.2766 0.542  0.4089 0.9679 0.542  1.2766 0.9679 0.7412 0.5967 0.8201
 0.4089 0.7304 1.2766 0.8266 0.5967 0.6513 1.2766 0.9679 0.4089 0.542 ]
    inst 1: [0.4404 0.791  1.0796 1.2766 0.4404 0.853  1.0069 0.791  1.2766 0.6856
 1.2766 1.0069 0.9679 1.2766 0.7412 0.423  1.2766 0.542  0.4089 0.9679
 0.542  1.2766 0.9679 0.7412 0.5967 0.8201 0.4089 0.7304 1.2766 0.8266
 0.5967 0.6513 1.2766 0.9679 0.4089 0.542  1.2766 0.582  1.2766 0.6204
 0.862  0.8266 0.542  1.2766 0.9803 1.2766 1.2766 0.5967 0.7412 0.423 ]
    inst 2: [1.2766 0.542  0.4089 0.9679 0.542  1.2766 0.9679 0.7412 0.5967 0.8201
 0.4089 0.7304 1.2766 0.8266 0.5967 0.6513 1.2766 0.9679 0.4089 0.542
 1.2766 0.582  1.2766 0.6204 0.862  0.8266 0.542  1.2766 0.9803 1.2766
 1.2766 0.5967 0.7412 0.423  0.4404 0.791  1.0796 1.2766 0.4404 0.853
 1.0069 0.791  1.2766 0.6856 1.2766 1.0069 0.9679 1.2766 0.7412 0.423 ]
  Equivariant note: same physical job → same norm value, but at a DIFFERENT operation-index position across instances.

[MLPsim] step=1  h_opes  shape=[3, 50, 8]
  h_opes L2-norm per operation-index per instance:
    inst 0: [0.5579 0.5091 0.5507 0.4541 0.4703 0.4659 0.5141 0.5198 0.4525 0.517
 0.3805 0.3988 0.3325 0.45   0.4966 0.4772 0.4836 0.5009 0.4731 0.5705
 0.5823 0.5766 0.6008 0.5076 0.5425 0.4259 0.4112 0.4628 0.3534 0.4594
 0.4238 0.4393 0.4534 0.4063 0.4135 0.3978 0.3662 0.4046 0.4091 0.4455
 0.4628 0.4079 0.4312 0.4251 0.4523 0.479  0.4634 0.4216 0.376  0.4596]
    inst 1: [0.4966 0.4772 0.4836 0.5009 0.4731 0.5705 0.5823 0.5766 0.6008 0.5076
 0.5425 0.4259 0.4112 0.4628 0.3534 0.4594 0.4238 0.4393 0.4534 0.4063
 0.4135 0.3978 0.3662 0.4046 0.4091 0.4455 0.4628 0.4079 0.4312 0.4251
 0.4523 0.479  0.4634 0.4216 0.376  0.4596 0.5579 0.5091 0.5507 0.4541
 0.4703 0.4659 0.5141 0.5198 0.4525 0.517  0.3805 0.3988 0.3325 0.45  ]
    inst 2: [0.4238 0.4393 0.4534 0.4063 0.4135 0.3978 0.3662 0.4046 0.4091 0.4455
 0.4628 0.4079 0.4312 0.4251 0.4523 0.479  0.4634 0.4216 0.376  0.4596
 0.5579 0.5091 0.5507 0.4541 0.4703 0.4659 0.5141 0.5198 0.4525 0.517
 0.3805 0.3988 0.3325 0.45   0.4966 0.4772 0.4836 0.5009 0.4731 0.5705
 0.5823 0.5766 0.6008 0.5076 0.5425 0.4259 0.4112 0.4628 0.3534 0.4594]
  Equivariant note: same physical job → same norm value, but at a DIFFERENT operation-index position across instances.

[MLPsim] step=1  h_opes  shape=[3, 50, 8]
  h_opes L2-norm per operation-index per instance:
    inst 0: [0.4972 0.4471 0.4663 0.3863 0.3436 0.4161 0.4643 0.4396 0.3338 0.3959
 0.4261 0.5138 0.4681 0.576  0.4644 0.4309 0.3966 0.4039 0.3673 0.4781
 0.5058 0.4763 0.5201 0.3991 0.4171 0.4031 0.3853 0.4263 0.3536 0.4775
 0.3931 0.5066 0.5342 0.4415 0.4117 0.4035 0.4155 0.5008 0.5131 0.5108
 0.5246 0.4263 0.3927 0.4447 0.4788 0.4662 0.4088 0.4031 0.4044 0.4675]
    inst 1: [0.4644 0.4309 0.3966 0.4039 0.3673 0.4781 0.5058 0.4763 0.5201 0.3991
 0.4171 0.4031 0.3853 0.4263 0.3536 0.4775 0.3931 0.5066 0.5342 0.4415
 0.4117 0.4035 0.4155 0.5008 0.5131 0.5108 0.5246 0.4263 0.3927 0.4447
 0.4788 0.4662 0.4088 0.4031 0.4044 0.4675 0.4972 0.4471 0.4663 0.3863
 0.3436 0.4161 0.4643 0.4396 0.3338 0.3959 0.4261 0.5138 0.4681 0.576 ]
    inst 2: [0.3931 0.5066 0.5342 0.4415 0.4117 0.4035 0.4155 0.5008 0.5131 0.5108
 0.5246 0.4263 0.3927 0.4447 0.4788 0.4662 0.4088 0.4031 0.4044 0.4675
 0.4972 0.4471 0.4663 0.3863 0.3436 0.4161 0.4643 0.4396 0.3338 0.3959
 0.4261 0.5138 0.4681 0.576  0.4644 0.4309 0.3966 0.4039 0.3673 0.4781
 0.5058 0.4763 0.5201 0.3991 0.4171 0.4031 0.3853 0.4263 0.3536 0.4775]
  Equivariant note: same physical job → same norm value, but at a DIFFERENT operation-index position across instances.

[MLPsim] step=1  h_opes  shape=[3, 50, 8]
  h_opes L2-norm per operation-index per instance:
    inst 0: [0.3973 0.299  0.4706 0.3581 0.4142 0.345  0.3125 0.4296 0.371  0.4385
 0.3183 0.4077 0.3562 0.4852 0.2891 0.2594 0.3791 0.4455 0.3897 0.4431
 0.4757 0.3711 0.4766 0.435  0.4519 0.248  0.2665 0.3475 0.2877 0.4071
 0.3244 0.3904 0.3713 0.3311 0.4015 0.3024 0.2968 0.385  0.403  0.4116
 0.3563 0.3165 0.3461 0.3998 0.3942 0.2926 0.3534 0.285  0.3321 0.4057]
    inst 1: [0.2891 0.2594 0.3791 0.4455 0.3897 0.4431 0.4757 0.3711 0.4766 0.435
 0.4519 0.248  0.2665 0.3475 0.2877 0.4071 0.3244 0.3904 0.3713 0.3311
 0.4015 0.3024 0.2968 0.385  0.403  0.4116 0.3563 0.3165 0.3461 0.3998
 0.3942 0.2926 0.3534 0.285  0.3321 0.4057 0.3973 0.299  0.4706 0.3581
 0.4142 0.345  0.3125 0.4296 0.371  0.4385 0.3183 0.4077 0.3562 0.4852]
    inst 2: [0.3244 0.3904 0.3713 0.3311 0.4015 0.3024 0.2968 0.385  0.403  0.4116
 0.3563 0.3165 0.3461 0.3998 0.3942 0.2926 0.3534 0.285  0.3321 0.4057
 0.3973 0.299  0.4706 0.3581 0.4142 0.345  0.3125 0.4296 0.371  0.4385
 0.3183 0.4077 0.3562 0.4852 0.2891 0.2594 0.3791 0.4455 0.3897 0.4431
 0.4757 0.3711 0.4766 0.435  0.4519 0.248  0.2665 0.3475 0.2877 0.4071]
  Equivariant note: same physical job → same norm value, but at a DIFFERENT operation-index position across instances.

[get_action_prob] step=1
  h_jobs  shape=[3, 10, 8]  [batch, num_job_slots, emb_dim]
  Per-slot L2-norm  (each row = one augmented instance):
    inst\slot  slot 0  slot 1  slot 2  slot 3  slot 4  slot 5  slot 6  slot 7  slot 8  slot 9
    inst 0      [0.188  0.2009 0.1836 0.1993 0.1838 0.1955 0.194  0.1883 0.2043 0.204 ]
    inst 1      [0.1993 0.1838 0.1955 0.194  0.1883 0.2043 0.204  0.188  0.2009 0.1836]
    inst 2      [0.194  0.1883 0.2043 0.204  0.188  0.2009 0.1836 0.1993 0.1838 0.1955]

  Cross-instance diff at slot 0  (MUST differ → embedding of different physical job):
    max|h_jobs[0,slot0] - h_jobs[1,slot0]| = 0.03540402  DIFFERS  <-- root of trajectory divergence
    max|h_jobs[0,slot0] - h_jobs[2,slot0]| = 0.01542474  DIFFERS  <-- root of trajectory divergence

  scores  shape=[3, 50]  [batch, num_mas * num_jobs]  (-inf where ineligible)
  num_mas=5  num_jobs=10  -> flat index = machine * num_jobs + job_slot

  inst 0:
    argmax flat-index = 15  -> (machine=1, job_slot=5)  -> operation_index=25
    top-3 valid scores: [-1.58448 -1.58521 -1.58659]
    score at argmax   = -1.58448

  inst 1:
    argmax flat-index = 12  -> (machine=1, job_slot=2)  -> operation_index=11
    top-3 valid scores: [-1.58448 -1.58521 -1.58659]
    score at argmax   = -1.58448

  inst 2:
    argmax flat-index = 19  -> (machine=1, job_slot=9)  -> operation_index=45
    top-3 valid scores: [-1.58448 -1.58521 -1.58659]
    score at argmax   = -1.58448

[act] step=1  mode=greedy  final (ope, machine, job_slot) per instance:
  inst 0: ope=25  machine=1  job_slot=5
  inst 1: ope=11  machine=1  job_slot=2
  inst 2: ope=45  machine=1  job_slot=9

  actions tensor returned by act()  shape=[3, 3]  [3 rows: ope / machine / job_slot,  columns = instances]
  ope row    : [25, 11, 45]
  machine row: [1, 1, 1]
  job_slot row:[5, 2, 9]

  rewards after step 1: [0.0, 0.0, 0.0]
  current makespan per instance: [63.95000076293945, 63.95000076293945, 63.95000076293945]

========================================================================
  STEP 2  (decision step 2 of the scheduling episode)
========================================================================

[GATedge] step=2  h_mas  shape=[3, 5, 8]
  h_mas L2-norm per machine per instance:
    inst 0: [1.9524 3.5392 2.2142 1.9567 2.3431]
    inst 1: [1.9524 3.5392 2.2142 1.9567 2.3431]
    inst 2: [1.9524 3.5392 2.2142 1.9567 2.3431]
  Invariant check  max|h_mas[0] - h_mas[i]| across instances:
    |h_mas[0] - h_mas[1]| = 0.00000012  OK (invariant)
    |h_mas[0] - h_mas[2]| = 0.00000024  OK (invariant)

[MLPsim] step=2  h_opes  shape=[3, 50, 8]
  h_opes L2-norm per operation-index per instance:
    inst 0: [1.2101 0.7457 1.2101 0.7147 0.8897 0.6102 0.4788 1.2101 0.827  1.2101
 1.2101 0.7303 0.971  0.4432 0.4374 0.9383 1.047  1.2101 0.4374 0.9243
 1.0865 0.9383 1.2101 0.6985 1.2101 0.4788 1.1364 1.2101 0.971  0.4432
 1.2101 0.4788 0.4622 1.1364 0.4788 1.2101 1.1364 0.971  0.7303 0.9307
 0.4622 0.6721 1.2101 0.6102 0.7303 0.7029 1.2101 1.1364 0.4622 0.4788]
    inst 1: [0.4374 0.9383 1.047  1.2101 0.4374 0.9243 1.0865 0.9383 1.2101 0.6985
 1.2101 0.4788 1.1364 1.2101 0.971  0.4432 1.2101 0.4788 0.4622 1.1364
 0.4788 1.2101 1.1364 0.971  0.7303 0.9307 0.4622 0.6721 1.2101 0.6102
 0.7303 0.7029 1.2101 1.1364 0.4622 0.4788 1.2101 0.7457 1.2101 0.7147
 0.8897 0.6102 0.4788 1.2101 0.827  1.2101 1.2101 0.7303 0.971  0.4432]
    inst 2: [1.2101 0.4788 0.4622 1.1364 0.4788 1.2101 1.1364 0.971  0.7303 0.9307
 0.4622 0.6721 1.2101 0.6102 0.7303 0.7029 1.2101 1.1364 0.4622 0.4788
 1.2101 0.7457 1.2101 0.7147 0.8897 0.6102 0.4788 1.2101 0.827  1.2101
 1.2101 0.7303 0.971  0.4432 0.4374 0.9383 1.047  1.2101 0.4374 0.9243
 1.0865 0.9383 1.2101 0.6985 1.2101 0.4788 1.1364 1.2101 0.971  0.4432]
  Equivariant note: same physical job → same norm value, but at a DIFFERENT operation-index position across instances.

[MLPsim] step=2  h_opes  shape=[3, 50, 8]
  h_opes L2-norm per operation-index per instance:
    inst 0: [2.3912 1.6209 2.4002 2.0087 2.7946 2.1088 2.0813 1.9907 1.708  2.6088
 3.7921 3.4881 3.2968 3.6058 2.0286 1.4319 1.5848 2.3638 2.5437 3.0046
 3.2506 3.3374 3.6345 3.1882 3.7874 7.9888 3.8026 4.0614 3.5452 4.12
 2.3225 1.9492 1.9244 1.8877 1.8885 2.4819 1.9157 2.3417 2.1172 2.5951
 2.2735 1.5656 1.7778 1.7396 1.7751 1.552  2.0248 1.0379 1.7081 1.9669]
    inst 1: [2.0286 1.4319 1.5848 2.3638 2.5437 3.0046 3.2506 3.3374 3.6345 3.1882
 3.7874 7.9888 3.8026 4.0614 3.5452 4.12   2.3225 1.9492 1.9244 1.8877
 1.8885 2.4819 1.9157 2.3417 2.1172 2.5951 2.2735 1.5656 1.7778 1.7396
 1.7751 1.552  2.0248 1.0379 1.7081 1.9669 2.3912 1.6209 2.4002 2.0087
 2.7946 2.1088 2.0813 1.9907 1.708  2.6088 3.7921 3.4881 3.2968 3.6058]
    inst 2: [2.3225 1.9492 1.9244 1.8877 1.8885 2.4819 1.9157 2.3417 2.1172 2.5951
 2.2735 1.5656 1.7778 1.7396 1.7751 1.552  2.0248 1.0379 1.7081 1.9669
 2.3912 1.6209 2.4002 2.0087 2.7946 2.1088 2.0813 1.9907 1.7081 2.6088
 3.7921 3.4881 3.2968 3.6058 2.0286 1.4319 1.5848 2.3638 2.5437 3.0046
 3.2506 3.3374 3.6345 3.1882 3.7874 7.9888 3.8026 4.0614 3.5452 4.12  ]
  Equivariant note: same physical job → same norm value, but at a DIFFERENT operation-index position across instances.

[MLPsim] step=2  h_opes  shape=[3, 50, 8]
  h_opes L2-norm per operation-index per instance:
    inst 0: [2.422  2.0157 2.2428 1.8894 2.6568 2.0798 2.5114 1.8674 1.6779 2.4135
 3.863  3.1419 3.2562 3.5028 2.2515 1.7129 1.6303 2.104  2.485  3.0894
 2.9773 3.278  3.3816 3.2588 3.5277 7.9291 3.905  3.9786 3.5806 4.1233
 2.318  1.8428 1.744  1.8708 1.8794 2.6006 2.0429 2.3317 1.9057 2.4062
 2.4932 1.766  1.7373 1.6009 1.6134 1.8307 2.1961 1.1692 1.4668 2.0022]
    inst 1: [2.2515 1.7129 1.6303 2.104  2.485  3.0894 2.9773 3.278  3.3816 3.2588
 3.5277 7.9291 3.905  3.9786 3.5806 4.1233 2.318  1.8428 1.744  1.8708
 1.8794 2.6006 2.0429 2.3317 1.9057 2.4062 2.4932 1.766  1.7373 1.6009
 1.6134 1.8307 2.1961 1.1692 1.4668 2.0022 2.422  2.0157 2.2428 1.8894
 2.6568 2.0798 2.5114 1.8674 1.6779 2.4135 3.863  3.1419 3.2562 3.5028]
    inst 2: [2.318  1.8428 1.744  1.8708 1.8794 2.6006 2.0429 2.3317 1.9057 2.4062
 2.4932 1.766  1.7373 1.6009 1.6134 1.8307 2.1961 1.1692 1.4668 2.0022
 2.422  2.0157 2.2428 1.8894 2.6568 2.0798 2.5114 1.8674 1.6779 2.4135
 3.863  3.1419 3.2562 3.5028 2.2515 1.7129 1.6303 2.104  2.485  3.0894
 2.9773 3.278  3.3816 3.2588 3.5277 7.9291 3.905  3.9786 3.5806 4.1233]
  Equivariant note: same physical job → same norm value, but at a DIFFERENT operation-index position across instances.

[MLPsim] step=2  h_opes  shape=[3, 50, 8]
  h_opes L2-norm per operation-index per instance:
    inst 0: [2.4897 1.9447 2.4214 1.8584 2.7892 2.2663 2.105  1.9539 1.7489 2.6304
 4.077  3.5997 3.4733 3.4445 2.2469 1.6445 1.7742 2.2843 2.4434 2.9351
 2.9749 3.065  3.2549 3.1118 3.6952 7.7822 3.7073 4.1066 3.4929 3.8733
 2.5389 1.6586 1.5601 1.7535 1.9363 2.7573 2.1373 2.2069 1.9605 2.3088
 2.4077 2.174  1.9613 1.4167 1.5457 1.8757 2.3009 0.9309 1.4349 1.7843]
    inst 1: [2.2469 1.6445 1.7742 2.2843 2.4434 2.9351 2.9749 3.065  3.2549 3.1118
 3.6952 7.7822 3.7073 4.1066 3.4929 3.8733 2.5389 1.6586 1.5601 1.7535
 1.9363 2.7573 2.1373 2.2069 1.9605 2.3088 2.4077 2.174  1.9613 1.4167
 1.5457 1.8757 2.3009 0.9309 1.4349 1.7843 2.4897 1.9447 2.4214 1.8584
 2.7892 2.2663 2.105  1.9539 1.7489 2.6304 4.077  3.5997 3.4733 3.4445]
    inst 2: [2.5389 1.6586 1.5601 1.7535 1.9363 2.7573 2.1373 2.2069 1.9605 2.3088
 2.4077 2.174  1.9613 1.4167 1.5457 1.8757 2.3009 0.9309 1.4349 1.7843
 2.4897 1.9447 2.4214 1.8584 2.7892 2.2663 2.105  1.9539 1.7489 2.6304
 4.077  3.5997 3.4733 3.4445 2.2469 1.6445 1.7742 2.2843 2.4434 2.9351
 2.9749 3.065  3.2549 3.1118 3.6952 7.7822 3.7073 4.1066 3.4929 3.8733]
  Equivariant note: same physical job → same norm value, but at a DIFFERENT operation-index position across instances.

[GATedge] step=2  h_mas  shape=[3, 5, 8]
  h_mas L2-norm per machine per instance:
    inst 0: [3.2111 4.4878 3.3763 3.2935 3.5661]
    inst 1: [3.2111 4.4878 3.3763 3.2935 3.5661]
    inst 2: [3.2111 4.4878 3.3763 3.2935 3.5661]
  Invariant check  max|h_mas[0] - h_mas[i]| across instances:
    |h_mas[0] - h_mas[1]| = 0.00000012  OK (invariant)
    |h_mas[0] - h_mas[2]| = 0.00000024  OK (invariant)

[MLPsim] step=2  h_opes  shape=[3, 50, 8]
  h_opes L2-norm per operation-index per instance:
    inst 0: [1.2696 0.6788 1.2696 0.6934 0.9262 0.8792 0.6414 1.2696 1.018  1.2696
 1.2696 0.6733 0.8432 0.4719 0.4748 0.8448 1.0995 1.2696 0.4748 0.8854
 1.0509 0.8448 1.2696 0.7147 1.2696 0.6414 1.011  1.2696 0.8432 0.4719
 1.2696 0.6414 0.4615 1.011  0.6414 1.2696 1.011  0.8432 0.6733 0.856
 0.4615 0.8191 1.2696 0.8792 0.6733 0.6827 1.2696 1.011  0.4615 0.6414]
    inst 1: [0.4748 0.8448 1.0995 1.2696 0.4748 0.8854 1.0509 0.8448 1.2696 0.7147
 1.2696 0.6414 1.011  1.2696 0.8432 0.4719 1.2696 0.6414 0.4615 1.011
 0.6414 1.2696 1.011  0.8432 0.6733 0.856  0.4615 0.8191 1.2696 0.8792
 0.6733 0.6827 1.2696 1.011  0.4615 0.6414 1.2696 0.6788 1.2696 0.6934
 0.9262 0.8792 0.6414 1.2696 1.018  1.2696 1.2696 0.6733 0.8432 0.4719]
    inst 2: [1.2696 0.6414 0.4615 1.011  0.6414 1.2696 1.011  0.8432 0.6732 0.856
 0.4615 0.8191 1.2696 0.8792 0.6732 0.6827 1.2696 1.011  0.4615 0.6414
 1.2696 0.6788 1.2696 0.6934 0.9262 0.8792 0.6414 1.2696 1.018  1.2696
 1.2696 0.6732 0.8432 0.4719 0.4748 0.8448 1.0995 1.2696 0.4748 0.8854
 1.0509 0.8448 1.2696 0.7147 1.2696 0.6414 1.011  1.2696 0.8432 0.4719]
  Equivariant note: same physical job → same norm value, but at a DIFFERENT operation-index position across instances.

[MLPsim] step=2  h_opes  shape=[3, 50, 8]
  h_opes L2-norm per operation-index per instance:
    inst 0: [0.5678 0.4995 0.5649 0.4519 0.4636 0.4787 0.5167 0.5366 0.4445 0.5217
 0.3783 0.3664 0.3088 0.4232 0.4859 0.4724 0.488  0.5148 0.4598 0.573
 0.5867 0.5728 0.6135 0.5079 0.5585 1.3437 0.4608 0.5268 0.4777 0.6193
 0.4348 0.4314 0.4349 0.4156 0.3938 0.4034 0.3604 0.3892 0.3883 0.4298
 0.4441 0.4003 0.4413 0.4063 0.4323 0.4516 0.4694 0.4307 0.3638 0.4386]
    inst 1: [0.4859 0.4724 0.488  0.5148 0.4598 0.573  0.5867 0.5728 0.6135 0.5079
 0.5585 1.3437 0.4608 0.5268 0.4777 0.6193 0.4348 0.4314 0.4349 0.4156
 0.3938 0.4034 0.3604 0.3892 0.3883 0.4298 0.4441 0.4003 0.4413 0.4063
 0.4323 0.4516 0.4694 0.4307 0.3638 0.4386 0.5678 0.4995 0.5649 0.4519
 0.4636 0.4787 0.5167 0.5366 0.4445 0.5217 0.3783 0.3664 0.3088 0.4232]
    inst 2: [0.4348 0.4314 0.4349 0.4156 0.3938 0.4034 0.3604 0.3892 0.3883 0.4298
 0.4441 0.4003 0.4413 0.4063 0.4323 0.4516 0.4694 0.4307 0.3638 0.4386
 0.5678 0.4995 0.5649 0.4519 0.4636 0.4787 0.5167 0.5366 0.4445 0.5217
 0.3783 0.3664 0.3088 0.4232 0.4859 0.4724 0.488  0.5148 0.4598 0.573
 0.5867 0.5728 0.6135 0.5079 0.5585 1.3437 0.4608 0.5268 0.4777 0.6193]
  Equivariant note: same physical job → same norm value, but at a DIFFERENT operation-index position across instances.

[MLPsim] step=2  h_opes  shape=[3, 50, 8]
  h_opes L2-norm per operation-index per instance:
    inst 0: [0.5044 0.4375 0.4882 0.3781 0.335  0.4238 0.4561 0.4596 0.3366 0.4022
 0.4189 0.4759 0.4325 0.5405 0.4472 0.4138 0.4098 0.4261 0.3402 0.4758
 0.5171 0.4686 0.5372 0.4007 0.4346 1.3974 0.6152 0.5858 0.5675 0.713
 0.3903 0.485  0.497  0.4211 0.3831 0.3999 0.3903 0.4632 0.4717 0.4755
 0.4918 0.4059 0.3886 0.4117 0.4388 0.4276 0.4106 0.3961 0.3676 0.4321]
    inst 1: [0.4472 0.4138 0.4098 0.4261 0.3402 0.4758 0.5171 0.4686 0.5372 0.4007
 0.4346 1.3974 0.6152 0.5858 0.5675 0.713  0.3903 0.485  0.497  0.4211
 0.3831 0.3999 0.3903 0.4632 0.4717 0.4755 0.4918 0.4059 0.3886 0.4117
 0.4388 0.4276 0.4106 0.3961 0.3676 0.4321 0.5044 0.4375 0.4882 0.3781
 0.335  0.4238 0.4561 0.4596 0.3366 0.4022 0.4189 0.4759 0.4325 0.5405]
    inst 2: [0.3903 0.485  0.497  0.4211 0.3831 0.3999 0.3903 0.4632 0.4717 0.4755
 0.4918 0.4059 0.3886 0.4117 0.4388 0.4276 0.4106 0.3961 0.3676 0.4321
 0.5044 0.4375 0.4882 0.3781 0.335  0.4238 0.4561 0.4596 0.3366 0.4022
 0.4189 0.4759 0.4325 0.5405 0.4472 0.4138 0.4098 0.4261 0.3402 0.4758
 0.5171 0.4686 0.5372 0.4007 0.4346 1.3974 0.6152 0.5858 0.5675 0.713 ]
  Equivariant note: same physical job → same norm value, but at a DIFFERENT operation-index position across instances.

[MLPsim] step=2  h_opes  shape=[3, 50, 8]
  h_opes L2-norm per operation-index per instance:
    inst 0: [0.4348 0.3286 0.506  0.3839 0.4186 0.3548 0.312  0.4689 0.3844 0.4596
 0.3398 0.397  0.353  0.4734 0.3024 0.296  0.4104 0.4765 0.3912 0.4772
 0.5015 0.4009 0.5136 0.4626 0.4846 1.2705 0.3316 0.4014 0.4273 0.5531
 0.3454 0.3658 0.3565 0.344  0.3708 0.3297 0.3054 0.373  0.3886 0.4022
 0.3388 0.305  0.3677 0.373  0.3797 0.2822 0.3805 0.3112 0.322  0.3753]
    inst 1: [0.3024 0.296  0.4104 0.4765 0.3912 0.4772 0.5015 0.4009 0.5136 0.4626
 0.4846 1.2705 0.3316 0.4014 0.4273 0.5531 0.3454 0.3658 0.3565 0.344
 0.3708 0.3297 0.3054 0.373  0.3886 0.4022 0.3388 0.305  0.3677 0.373
 0.3797 0.2822 0.3805 0.3112 0.322  0.3753 0.4348 0.3286 0.506  0.3839
 0.4186 0.3548 0.312  0.4689 0.3844 0.4596 0.3398 0.397  0.353  0.4734]
    inst 2: [0.3454 0.3658 0.3565 0.344  0.3708 0.3297 0.3054 0.373  0.3886 0.4022
 0.3388 0.305  0.3677 0.373  0.3797 0.2822 0.3805 0.3112 0.322  0.3753
 0.4348 0.3286 0.506  0.3839 0.4186 0.3548 0.312  0.4689 0.3844 0.4596
 0.3398 0.397  0.353  0.4734 0.3024 0.296  0.4104 0.4765 0.3912 0.4772
 0.5015 0.4009 0.5136 0.4626 0.4846 1.2705 0.3316 0.4014 0.4273 0.5531]
  Equivariant note: same physical job → same norm value, but at a DIFFERENT operation-index position across instances.

[get_action_prob] step=2
  h_jobs  shape=[3, 10, 8]  [batch, num_job_slots, emb_dim]
  Per-slot L2-norm  (each row = one augmented instance):
    inst\slot  slot 0  slot 1  slot 2  slot 3  slot 4  slot 5  slot 6  slot 7  slot 8  slot 9
    inst 0      [0.1874 0.184  0.1846 0.1996 0.2007 0.2494 0.1936 0.1892 0.2063 0.2127]
    inst 1      [0.1996 0.2007 0.2494 0.1936 0.1892 0.2063 0.2127 0.1874 0.184  0.1846]
    inst 2      [0.1936 0.1892 0.2063 0.2127 0.1874 0.184  0.1846 0.1996 0.2007 0.2494]

  Cross-instance diff at slot 0  (MUST differ → embedding of different physical job):
    max|h_jobs[0,slot0] - h_jobs[1,slot0]| = 0.03178258  DIFFERS  <-- root of trajectory divergence
    max|h_jobs[0,slot0] - h_jobs[2,slot0]| = 0.01562602  DIFFERS  <-- root of trajectory divergence

  scores  shape=[3, 50]  [batch, num_mas * num_jobs]  (-inf where ineligible)
  num_mas=5  num_jobs=10  -> flat index = machine * num_jobs + job_slot

  inst 0:
    argmax flat-index = 49  -> (machine=4, job_slot=9)  -> operation_index=45
    top-3 valid scores: [-1.54523 -1.54726 -1.55482]
    score at argmax   = -1.54523

  inst 1:
    argmax flat-index = 46  -> (machine=4, job_slot=6)  -> operation_index=31
    top-3 valid scores: [-1.54523 -1.54726 -1.55482]
    score at argmax   = -1.54523

  inst 2:
    argmax flat-index = 43  -> (machine=4, job_slot=3)  -> operation_index=15
    top-3 valid scores: [-1.54523 -1.54726 -1.55482]
    score at argmax   = -1.54523

[act] step=2  mode=greedy  final (ope, machine, job_slot) per instance:
  inst 0: ope=45  machine=4  job_slot=9
  inst 1: ope=31  machine=4  job_slot=6
  inst 2: ope=15  machine=4  job_slot=3

  actions tensor  shape=[3, 3]
  ope row    : [45, 31, 15]
  machine row: [4, 4, 4]
  job_slot row:[9, 6, 3]

  rewards after step 2: [0.0, 0.0, 0.0]
  current makespan per instance: [63.95000076293945, 63.95000076293945, 63.95000076293945]

========================================================================
  Trace complete — see debug_trace.log
========================================================================
