debug_trace.log  —  2026-03-28 15:13:14

========================================================================
  [A]  AugmentedCaseGenerator — job row order per augmented instance
========================================================================

  Original job rows (physical job 0 .. 2):
    physical job 0: 3 2 1 13 3 11 3 1 13 2 9 3 9 2 2 19 3 16
    physical job 1: 3 2 1 8 3 7 2 1 20 2 20 2 1 15 3 14
    physical job 2: 2 2 2 17 3 14 3 1 19 2 20 3 14

  aug_id=0  shift=0  (job_rows[0:] + job_rows[:0])
    slot/job_index 0  <--  physical job 0  | 3 2 1 13 3 11 3 1 13 2 9 3 9 2 2 19 3 16
    slot/job_index 1  <--  physical job 1  | 3 2 1 8 3 7 2 1 20 2 20 2 1 15 3 14
    slot/job_index 2  <--  physical job 2  | 2 2 2 17 3 14 3 1 19 2 20 3 14

  aug_id=1  shift=1  (job_rows[1:] + job_rows[:1])
    slot/job_index 0  <--  physical job 1  | 3 2 1 8 3 7 2 1 20 2 20 2 1 15 3 14
    slot/job_index 1  <--  physical job 2  | 2 2 2 17 3 14 3 1 19 2 20 3 14
    slot/job_index 2  <--  physical job 0  | 3 2 1 13 3 11 3 1 13 2 9 3 9 2 2 19 3 16

  aug_id=2  shift=2  (job_rows[2:] + job_rows[:2])
    slot/job_index 0  <--  physical job 2  | 2 2 2 17 3 14 3 1 19 2 20 3 14
    slot/job_index 1  <--  physical job 0  | 3 2 1 13 3 11 3 1 13 2 9 3 9 2 2 19 3 16
    slot/job_index 2  <--  physical job 1  | 3 2 1 8 3 7 2 1 20 2 20 2 1 15 3 14

========================================================================
  [B]  opes_appertain_batch  (operation_index -> job_index)
     Same operation content sits at a DIFFERENT job_index across instances
========================================================================

  shape: [3, 8]  [augmented_instance, operation_index]
  Each cell = the job_index that owns that operation.

  inst 0: [0, 0, 0, 1, 1, 1, 2, 2]
  inst 1: [0, 0, 0, 1, 1, 2, 2, 2]
  inst 2: [0, 0, 1, 1, 1, 2, 2, 2]

  Cross-instance diff for each operation_index:
  If the same physical job moved to a different slot,
  the job_index value at that operation_index changes.
    op_index   0: [0, 0, 0]  [SAME]
    op_index   1: [0, 0, 0]  [SAME]
    op_index   2: [0, 0, 1]  [DIFFERS]
    op_index   3: [1, 1, 1]  [SAME]
    op_index   4: [1, 1, 1]  [SAME]
    op_index   5: [1, 2, 2]  [DIFFERS]
    op_index   6: [2, 2, 2]  [SAME]
    op_index   7: [2, 2, 2]  [SAME]

========================================================================
  STEP 1  (decision step 1 of the scheduling episode)
========================================================================

[GATedge] step=1  h_mas  shape=[3, 3, 8]
  h_mas L2-norm per machine per instance:
    inst 0: [1.5579 1.9869 1.8543]
    inst 1: [1.5579 1.9869 1.8543]
    inst 2: [1.5579 1.9869 1.8543]
  Invariant check  max|h_mas[0] - h_mas[i]| across instances:
    |h_mas[0] - h_mas[1]| = 0.00000006  OK (invariant)
    |h_mas[0] - h_mas[2]| = 0.00000006  OK (invariant)

[MLPsim] step=1  h_opes  shape=[3, 8, 8]
  h_opes L2-norm per operation-index per instance:
    inst 0: [0.6045 0.7375 0.5692 0.6045 0.5334 0.6045 0.5692 0.7375]
    inst 1: [0.6045 0.5334 0.6045 0.5692 0.7375 0.6045 0.7375 0.5692]
    inst 2: [0.5692 0.7375 0.6045 0.7375 0.5692 0.6045 0.5334 0.6045]
  Equivariant note: same physical job → same norm value, but at a DIFFERENT operation-index position across instances.

[MLPsim] step=1  h_opes  shape=[3, 8, 8]
  h_opes L2-norm per operation-index per instance:
    inst 0: [1.5116 2.0638 1.6643 2.3065 2.0293 2.2096 2.995  3.2332]
    inst 1: [2.3065 2.0293 2.2096 2.995  3.2332 1.5116 2.0638 1.6643]
    inst 2: [2.995  3.2332 1.5116 2.0638 1.6643 2.3065 2.0293 2.2096]
  Equivariant note: same physical job → same norm value, but at a DIFFERENT operation-index position across instances.

[MLPsim] step=1  h_opes  shape=[3, 8, 8]
  h_opes L2-norm per operation-index per instance:
    inst 0: [1.4785 2.1305 1.6376 2.4303 1.8004 2.1318 2.9628 3.2758]
    inst 1: [2.4303 1.8004 2.1318 2.9628 3.2758 1.4785 2.1305 1.6376]
    inst 2: [2.9628 3.2758 1.4785 2.1305 1.6376 2.4303 1.8004 2.1318]
  Equivariant note: same physical job → same norm value, but at a DIFFERENT operation-index position across instances.

[MLPsim] step=1  h_opes  shape=[3, 8, 8]
  h_opes L2-norm per operation-index per instance:
    inst 0: [1.4697 1.8898 1.5835 2.2719 2.0138 2.1438 3.0615 3.185 ]
    inst 1: [2.2719 2.0138 2.1438 3.0615 3.185  1.4697 1.8898 1.5835]
    inst 2: [3.0615 3.185  1.4697 1.8898 1.5835 2.2719 2.0138 2.1438]
  Equivariant note: same physical job → same norm value, but at a DIFFERENT operation-index position across instances.

[GATedge] step=1  h_mas  shape=[3, 3, 8]
  h_mas L2-norm per machine per instance:
    inst 0: [2.8961 3.2563 3.1296]
    inst 1: [2.8961 3.2563 3.1296]
    inst 2: [2.8961 3.2563 3.1296]
  Invariant check  max|h_mas[0] - h_mas[i]| across instances:
    |h_mas[0] - h_mas[1]| = 0.00000012  OK (invariant)
    |h_mas[0] - h_mas[2]| = 0.00000012  OK (invariant)

[MLPsim] step=1  h_opes  shape=[3, 8, 8]
  h_opes L2-norm per operation-index per instance:
    inst 0: [0.5855 0.826  0.6542 0.5855 0.7218 0.5855 0.6542 0.826 ]
    inst 1: [0.5855 0.7218 0.5855 0.6542 0.826  0.5855 0.826  0.6542]
    inst 2: [0.6542 0.826  0.5855 0.826  0.6542 0.5855 0.7218 0.5855]
  Equivariant note: same physical job → same norm value, but at a DIFFERENT operation-index position across instances.

[MLPsim] step=1  h_opes  shape=[3, 8, 8]
  h_opes L2-norm per operation-index per instance:
    inst 0: [0.5029 0.5304 0.4226 0.4947 0.4547 0.4805 0.4171 0.4349]
    inst 1: [0.4947 0.4547 0.4805 0.4171 0.4349 0.5029 0.5304 0.4226]
    inst 2: [0.4171 0.4349 0.5029 0.5304 0.4226 0.4947 0.4547 0.4805]
  Equivariant note: same physical job → same norm value, but at a DIFFERENT operation-index position across instances.

[MLPsim] step=1  h_opes  shape=[3, 8, 8]
  h_opes L2-norm per operation-index per instance:
    inst 0: [0.4616 0.484  0.339  0.4603 0.3915 0.399  0.4643 0.4092]
    inst 1: [0.4603 0.3915 0.399  0.4643 0.4092 0.4616 0.484  0.339 ]
    inst 2: [0.4643 0.4092 0.4616 0.484  0.339  0.4603 0.3915 0.399 ]
  Equivariant note: same physical job → same norm value, but at a DIFFERENT operation-index position across instances.

[MLPsim] step=1  h_opes  shape=[3, 8, 8]
  h_opes L2-norm per operation-index per instance:
    inst 0: [0.2555 0.3855 0.3236 0.2741 0.3681 0.3352 0.3671 0.3647]
    inst 1: [0.2741 0.3681 0.3352 0.3671 0.3647 0.2555 0.3855 0.3236]
    inst 2: [0.3671 0.3647 0.2555 0.3855 0.3236 0.2741 0.3681 0.3352]
  Equivariant note: same physical job → same norm value, but at a DIFFERENT operation-index position across instances.

[get_action_prob] step=1
  h_jobs  shape=[3, 3, 8]  [batch, num_job_slots, emb_dim]
  Per-slot L2-norm  (each row = one augmented instance):
    inst\slot  slot 0  slot 1  slot 2
    inst 0      [0.1978 0.1954 0.2067]
    inst 1      [0.1954 0.2067 0.1978]
    inst 2      [0.2067 0.1978 0.1954]

  Cross-instance diff at slot 0  (MUST differ → embedding of different physical job):
    max|h_jobs[0,slot0] - h_jobs[1,slot0]| = 0.00811796  DIFFERS  <-- root of trajectory divergence
    max|h_jobs[0,slot0] - h_jobs[2,slot0]| = 0.01729073  DIFFERS  <-- root of trajectory divergence

  scores  shape=[3, 9]  [batch, num_mas * num_jobs]  (-inf where ineligible)
  num_mas=3  num_jobs=3  -> flat index = machine * num_jobs + job_slot

  inst 0:
    argmax flat-index = 5  -> (machine=1, job_slot=2)  -> operation_index=6
    top-3 valid scores: [-1.55218 -1.75075 -1.75106]
    score at argmax   = -1.55218

  inst 1:
    argmax flat-index = 4  -> (machine=1, job_slot=1)  -> operation_index=3
    top-3 valid scores: [-1.55218 -1.75075 -1.75106]
    score at argmax   = -1.55218

  inst 2:
    argmax flat-index = 3  -> (machine=1, job_slot=0)  -> operation_index=0
    top-3 valid scores: [-1.55218 -1.75075 -1.75106]
    score at argmax   = -1.55218

[act] step=1  mode=greedy  final (ope, machine, job_slot) per instance:
  inst 0: ope=6  machine=1  job_slot=2
  inst 1: ope=3  machine=1  job_slot=1
  inst 2: ope=0  machine=1  job_slot=0

  actions tensor returned by act()  shape=[3, 3]  [3 rows: ope / machine / job_slot,  columns = instances]
  ope row    : [6, 3, 0]
  machine row: [1, 1, 1]
  job_slot row:[2, 1, 0]

  rewards after step 1: [0.0, 0.0, 0.0]
  current makespan per instance: [42.0, 42.0, 42.0]

========================================================================
  STEP 2  (decision step 2 of the scheduling episode)
========================================================================

[GATedge] step=2  h_mas  shape=[3, 3, 8]
  h_mas L2-norm per machine per instance:
    inst 0: [1.6794 2.5685 1.7539]
    inst 1: [1.6794 2.5685 1.7539]
    inst 2: [1.6794 2.5685 1.7539]
  Invariant check  max|h_mas[0] - h_mas[i]| across instances:
    |h_mas[0] - h_mas[1]| = 0.00000012  OK (invariant)
    |h_mas[0] - h_mas[2]| = 0.00000012  OK (invariant)

[MLPsim] step=2  h_opes  shape=[3, 8, 8]
  h_opes L2-norm per operation-index per instance:
    inst 0: [0.6142 0.7424 0.5556 0.6142 0.5487 0.6142 0.385  0.7424]
    inst 1: [0.6142 0.5487 0.6142 0.385  0.7424 0.6142 0.7424 0.5556]
    inst 2: [0.385  0.7424 0.6142 0.7424 0.5556 0.6142 0.5487 0.6142]
  Equivariant note: same physical job → same norm value, but at a DIFFERENT operation-index position across instances.

[MLPsim] step=2  h_opes  shape=[3, 8, 8]
  h_opes L2-norm per operation-index per instance:
    inst 0: [1.4612 2.0502 1.682  2.2953 1.9575 2.1603 4.6152 3.5699]
    inst 1: [2.2953 1.9575 2.1603 4.6152 3.5699 1.4612 2.0502 1.682 ]
    inst 2: [4.6152 3.5699 1.4612 2.0502 1.682  2.2953 1.9575 2.1603]
  Equivariant note: same physical job → same norm value, but at a DIFFERENT operation-index position across instances.

[MLPsim] step=2  h_opes  shape=[3, 8, 8]
  h_opes L2-norm per operation-index per instance:
    inst 0: [1.582  2.1443 1.6639 2.4361 1.8886 2.058  4.517  3.5106]
    inst 1: [2.4361 1.8886 2.058  4.517  3.5106 1.582  2.1443 1.6639]
    inst 2: [4.517  3.5106 1.582  2.1443 1.6639 2.4361 1.8886 2.058 ]
  Equivariant note: same physical job → same norm value, but at a DIFFERENT operation-index position across instances.

[MLPsim] step=2  h_opes  shape=[3, 8, 8]
  h_opes L2-norm per operation-index per instance:
    inst 0: [1.5257 1.8088 1.6588 2.2514 1.9987 2.0953 4.2673 3.4521]
    inst 1: [2.2514 1.9987 2.0953 4.2673 3.4521 1.5257 1.8088 1.6588]
    inst 2: [4.2673 3.4521 1.5257 1.8088 1.6588 2.2514 1.9987 2.0953]
  Equivariant note: same physical job → same norm value, but at a DIFFERENT operation-index position across instances.

[GATedge] step=2  h_mas  shape=[3, 3, 8]
  h_mas L2-norm per machine per instance:
    inst 0: [2.9237 3.7091 3.1134]
    inst 1: [2.9237 3.7091 3.1134]
    inst 2: [2.9237 3.7091 3.1134]
  Invariant check  max|h_mas[0] - h_mas[i]| across instances:
    |h_mas[0] - h_mas[1]| = 0.00000024  OK (invariant)
    |h_mas[0] - h_mas[2]| = 0.00000024  OK (invariant)

[MLPsim] step=2  h_opes  shape=[3, 8, 8]
  h_opes L2-norm per operation-index per instance:
    inst 0: [0.6325 0.8292 0.7143 0.6325 0.7239 0.6325 0.5457 0.8292]
    inst 1: [0.6325 0.7239 0.6325 0.5457 0.8292 0.6325 0.8292 0.7143]
    inst 2: [0.5457 0.8292 0.6325 0.8292 0.7143 0.6325 0.7239 0.6325]
  Equivariant note: same physical job → same norm value, but at a DIFFERENT operation-index position across instances.

[MLPsim] step=2  h_opes  shape=[3, 8, 8]
  h_opes L2-norm per operation-index per instance:
    inst 0: [0.4713 0.5249 0.4074 0.4737 0.4605 0.4678 0.7852 0.4298]
    inst 1: [0.4737 0.4605 0.4678 0.7852 0.4298 0.4713 0.5249 0.4074]
    inst 2: [0.7852 0.4298 0.4713 0.5249 0.4074 0.4737 0.4605 0.4678]
  Equivariant note: same physical job → same norm value, but at a DIFFERENT operation-index position across instances.

[MLPsim] step=2  h_opes  shape=[3, 8, 8]
  h_opes L2-norm per operation-index per instance:
    inst 0: [0.4169 0.4795 0.3199 0.4171 0.4007 0.3588 0.8504 0.4613]
    inst 1: [0.4171 0.4007 0.3588 0.8504 0.4613 0.4169 0.4795 0.3199]
    inst 2: [0.8504 0.4613 0.4169 0.4795 0.3199 0.4171 0.4007 0.3588]
  Equivariant note: same physical job → same norm value, but at a DIFFERENT operation-index position across instances.

[MLPsim] step=2  h_opes  shape=[3, 8, 8]
  h_opes L2-norm per operation-index per instance:
    inst 0: [0.2746 0.4046 0.3256 0.3241 0.4094 0.3665 0.7073 0.3334]
    inst 1: [0.3241 0.4094 0.3665 0.7073 0.3334 0.2746 0.4046 0.3256]
    inst 2: [0.7073 0.3334 0.2746 0.4046 0.3256 0.3241 0.4094 0.3665]
  Equivariant note: same physical job → same norm value, but at a DIFFERENT operation-index position across instances.

[get_action_prob] step=2
  h_jobs  shape=[3, 3, 8]  [batch, num_job_slots, emb_dim]
  Per-slot L2-norm  (each row = one augmented instance):
    inst\slot  slot 0  slot 1  slot 2
    inst 0      [0.2084 0.2103 0.2281]
    inst 1      [0.2103 0.2281 0.2084]
    inst 2      [0.2281 0.2084 0.2103]

  Cross-instance diff at slot 0  (MUST differ → embedding of different physical job):
    max|h_jobs[0,slot0] - h_jobs[1,slot0]| = 0.00752835  DIFFERS  <-- root of trajectory divergence
    max|h_jobs[0,slot0] - h_jobs[2,slot0]| = 0.03179726  DIFFERS  <-- root of trajectory divergence

  scores  shape=[3, 9]  [batch, num_mas * num_jobs]  (-inf where ineligible)
  num_mas=3  num_jobs=3  -> flat index = machine * num_jobs + job_slot

  inst 0:
    argmax flat-index = 0  -> (machine=0, job_slot=0)  -> operation_index=0
    top-3 valid scores: [-1.46341 -1.46429 -1.53086]
    score at argmax   = -1.46341

  inst 1:
    argmax flat-index = 2  -> (machine=0, job_slot=2)  -> operation_index=5
    top-3 valid scores: [-1.46341 -1.46429 -1.53086]
    score at argmax   = -1.46341

  inst 2:
    argmax flat-index = 1  -> (machine=0, job_slot=1)  -> operation_index=2
    top-3 valid scores: [-1.46341 -1.46429 -1.53086]
    score at argmax   = -1.46341

[act] step=2  mode=greedy  final (ope, machine, job_slot) per instance:
  inst 0: ope=0  machine=0  job_slot=0
  inst 1: ope=5  machine=0  job_slot=2
  inst 2: ope=2  machine=0  job_slot=1

  actions tensor  shape=[3, 3]
  ope row    : [0, 5, 2]
  machine row: [0, 0, 0]
  job_slot row:[0, 2, 1]

  rewards after step 2: [0.0, 0.0, 0.0]
  current makespan per instance: [42.0, 42.0, 42.0]

========================================================================
  Trace complete — see debug_trace.log
========================================================================
