
======================================================================
  FJSPEnv.__init__ START
======================================================================
  batch_size=100  num_jobs=3  num_mas=3

  Final num_opes=9  max_num_mas=3

======================================================================
  Raw tensors from load_fjs (Instance 0 slice shown, full shape logged)
======================================================================
  [proc_times_batch[0]]  shape=(9, 3)  dtype=torch.float32
tensor([[16.,  0.,  0.],
        [ 0., 10.,  7.],
        [10., 12., 12.],
        [ 0., 10.,  0.],
        [ 0.,  8., 12.],
        [ 2.,  2.,  2.],
        [19., 18.,  0.],
        [ 9., 11.,  9.],
        [13., 12., 11.]])
  [ope_ma_adj_batch[0]]  shape=(9, 3)  dtype=torch.int64
tensor([[1, 0, 0],
        [0, 1, 1],
        [1, 1, 1],
        [0, 1, 0],
        [0, 1, 1],
        [1, 1, 1],
        [1, 1, 0],
        [1, 1, 1],
        [1, 1, 1]])
  [ope_pre_adj_batch[0]]  shape=(9, 9)  dtype=torch.bool
tensor([[False,  True, False, False, False, False, False, False, False],
        [False, False,  True, False, False, False, False, False, False],
        [False, False, False, False, False, False, False, False, False],
        [False, False, False, False,  True, False, False, False, False],
======================================================================
  ITERATION 1 — Case generation (pomo_size=2)
======================================================================

  [unique_instance 0]  ops_per_job (nope list) = [3, 3, 2]
  raw FJSP lines for unique_instance 0:
    3	3	2.25
    3 2 1 13 3 11 3 1 13 2 9 3 9 2 2 19 3 16
    3 2 1 8 3 7 2 1 20 2 20 2 1 15 3 14
    2 2 2 17 3 14 3 1 19 2 20 3 14
    
  [unique=0  aug_id=0  USE_SHIFT=True]  augmented lines:
    3	3	2.25
    3 2 1 13 3 11 3 1 13 2 9 3 9 2 2 19 3 16
    3 2 1 8 3 7 2 1 20 2 20 2 1 15 3 14
    2 2 2 17 3 14 3 1 19 2 20 3 14
    
  [unique=0  aug_id=1  USE_SHIFT=True]  augmented lines:
    3	3	2.25
    3 2 1 8 3 7 2 1 20 2 20 2 1 15 3 14
    2 2 2 17 3 14 3 1 19 2 20 3 14
    3 2 1 13 3 11 3 1 13 2 9 3 9 2 2 19 3 16
    

  [unique_instance 1]  ops_per_job (nope list) = [2, 2, 2]
  raw FJSP lines for unique_instance 1:
    3	3	1.6666666666666667
    2 1 3 17 3 1 6 2 8 3 7
    2 2 2 18 3 20 1 3 15
    2 1 1 17 2 2 9 3 9
    
  [unique=1  aug_id=0  USE_SHIFT=True]  augmented lines:
    3	3	1.6666666666666667
    2 1 3 17 3 1 6 2 8 3 7
    2 2 2 18 3 20 1 3 15
    2 1 1 17 2 2 9 3 9
    
  [unique=1  aug_id=1  USE_SHIFT=True]  augmented lines:
    3	3	1.6666666666666667
    2 2 2 18 3 20 1 3 15
    2 1 1 17 2 2 9 3 9
    2 1 3 17 3 1 6 2 8 3 7
    

======================================================================
  ITERATION 1 — Rollout START
======================================================================
  mode = greedy (policy_old)
  [  initial dones]  shape=(4,)  dtype=torch.bool
tensor([False, False, False, False])

  [rollout step 1]
  [    rewards]  shape=(4,)  dtype=torch.float32
tensor([ 0.,  0., -1., -1.])
  [    dones  ]  shape=(4,)  dtype=torch.bool
tensor([False, False, False, False])
    done (all) = False

  [rollout step 2]
  [    rewards]  shape=(4,)  dtype=torch.float32
tensor([0., 0., 0., 0.])
  [    dones  ]  shape=(4,)  dtype=torch.bool
tensor([False, False, False, False])
    done (all) = False

  [rollout step 3]
  [    rewards]  shape=(4,)  dtype=torch.float32
tensor([-1.5000, -1.5000,  0.0000,  0.0000])
  [    dones  ]  shape=(4,)  dtype=torch.bool
tensor([False, False, False, False])
    done (all) = False

  [rollout step 4]
  [    rewards]  shape=(4,)  dtype=torch.float32
tensor([0., 0., 0., 0.])
  [    dones  ]  shape=(4,)  dtype=torch.bool
tensor([False, False, False, False])
    done (all) = False

  [rollout step 5]
  [    rewards]  shape=(4,)  dtype=torch.float32
tensor([-25., -25., -24., -24.])
  [    dones  ]  shape=(4,)  dtype=torch.bool
tensor([False, False, False, False])
    done (all) = False

  [rollout step 6]
  [    rewards]  shape=(4,)  dtype=torch.float32
tensor([0., 0., 0., 0.])
  [    dones  ]  shape=(4,)  dtype=torch.bool
tensor([False, False,  True,  True])
    done (all) = False

  [rollout step 7]
  [    rewards]  shape=(4,)  dtype=torch.float32
tensor([0., 0., 0., 0.])
  [    dones  ]  shape=(4,)  dtype=torch.bool
tensor([False, False,  True,  True])
    done (all) = False

  [rollout step 8]
  [    rewards]  shape=(4,)  dtype=torch.float32
tensor([-0.5000, -0.5000,  0.0000,  0.0000])
  [    dones  ]  shape=(4,)  dtype=torch.bool
tensor([True, True, True, True])
    done (all) = True

======================================================================
  ITERATION 1 — Rollout COMPLETE  (total steps=8)
======================================================================
  [  final makespan_batch]  shape=(4,)  dtype=torch.float32
tensor([69., 69., 59., 59.])

======================================================================
  ITERATION 1 — POMO Diversity
======================================================================
  mean_std=0.0000  mean_range=0.0000  frac_zero=1.0000

======================================================================
  ITERATION 1 — PPO Update  l1_lambda=0.0
======================================================================
  [Post-update summary]  loss=0.412945  reward=-0.178506  adv_mean=0.000000  adv_std=0.000000  frac_zero_adv=1.0000

======================================================================
  ★ ROUND 1 COMPLETE — Debug logging disabled for subsequent iterations ★
======================================================================
  Initial masks & makespan
======================================================================
  [mask_job_procing_batch[0]]  shape=(3,)  dtype=torch.bool
tensor([False, False, False])
  [mask_job_finish_batch[0]]  shape=(3,)  dtype=torch.bool
tensor([False, False, False])
  [mask_ma_procing_batch[0]]  shape=(3,)  dtype=torch.bool
tensor([False, False, False])
  [ope_step_batch[0] (init=num_ope_biases)]  shape=(3,)  dtype=torch.int64
tensor([0, 3, 6])
  [makespan_batch (initial estimate)]  shape=(100,)  dtype=torch.float32
tensor([40.1667, 45.0000, 39.0000, 38.0000, 51.1667, 37.5000, 35.6667, 32.3333, 32.0000, 37.0000, 24.6667, 42.3333, 36.0000, 46.5000, 47.0000, 35.0000, 34.0000, 38.5000, 48.6667, 33.0000, 43.1667,
        39.0000, 32.3333, 32.3333, 29.0000, 31.1667, 36.8333, 42.0000, 17.6667, 31.6667, 31.1667, 32.0000, 43.3333, 25.5000, 43.0000, 40.0000, 37.5000, 32.6667, 29.5000, 47.5000, 31.0000, 29.6667,
        39.6667, 23.0000, 30.0000, 22.0000, 31.6667, 32.6667, 34.3333, 26.8333, 21.6667, 36.6667, 23.3333, 20.3333, 27.3333, 34.5000, 25.0000, 30.0000, 29.6667, 39.0000, 30.5000, 25.8333, 31.6667,
        25.5000, 31.5000, 23.5000, 24.0000, 27.5000, 36.0000, 26.8333, 35.5000, 42.0000, 25.5000, 36.3333, 31.5000, 23.0000, 34.1667, 33.5000, 32.0000, 32.0000, 49.5000, 26.0000, 51.0000, 32.1667,
        28.0000, 45.3333, 39.0000, 40.0000, 41.0000, 20.0000, 43.0000, 41.0000, 43.3333, 35.5000, 28.8333, 32.0000, 31.6667, 35.6667, 37.5000, 30.6667])
  [done_batch]  shape=(100,)  dtype=torch.bool
tensor([False, False, False, False, False, False, False, False, False, False, False, False, False, False, False, False, False, False, False, False, False, False, False, False, False, False, False,
        False, False, False, False, False, False, False, False, False, False, False, False, False, False, False, False, False, False, False, False, False, False, False, False, False, False, False,
        False, False, False, False, False, False, False, False, False, False, False, False, False, False, False, False, False, False, False, False, False, False, False, False, False, False, False,
        False, False, False, False, False, False, False, False, False, False, False, False, False, False, False, False, False, False, False])

======================================================================
  FJSPEnv.__init__ COMPLETE
======================================================================

======================================================================
  env.step  [step #1]
======================================================================
  self.time = [0.0, 0.0, 0.0, 0.0]
  [  actions[0] opes]  shape=(4,)  dtype=torch.int64
tensor([6, 3, 2, 0])
  [  actions[1] mas ]  shape=(4,)  dtype=torch.int64
tensor([2, 2, 2, 2])
  [  actions[2] jobs]  shape=(4,)  dtype=torch.int64
tensor([2, 1, 1, 0])
  [  N (after +1)]  shape=(4,)  dtype=torch.int32
tensor([1, 1, 1, 1], dtype=torch.int32)
  [  batch_idxes (active)]  shape=(4,)  dtype=torch.int64
tensor([0, 1, 2, 3])

--- ope_ma_adj update ---
  [  remain_ope_ma_adj (rows=batch, cols=mas)]  shape=(4, 3)  dtype=torch.int64
tensor([[0, 0, 1],
        [0, 0, 1],
        [0, 0, 1],
        [0, 0, 1]])
  [  ope_ma_adj_batch[0] after update]  shape=(8, 3)  dtype=torch.int64
tensor([[1, 0, 1],
        [1, 1, 1],
        [0, 1, 1],
        [1, 0, 1],
        [1, 1, 0],
        [1, 0, 1],
        [0, 0, 1],
        [1, 1, 1]])
  [  proc_times_batch[0] after masking]  shape=(8, 3)  dtype=torch.float32
tensor([[13.,  0., 11.],
        [13.,  9.,  9.],
        [ 0., 19., 16.],
        [ 8.,  0.,  7.],
        [20., 20.,  0.],
        [15.,  0., 14.],
        [ 0.,  0., 14.],
        [19., 20., 14.]])

--- proc_times for selected (ope, ma) ---
  [  proc_times (per active instance)]  shape=(4,)  dtype=torch.float32
tensor([14., 14., 20., 20.])

--- feat_opes[:, 0:3, opes] after scheduling ---
  [  feat_opes_batch[0, 0, :] (status)]  shape=(8,)  dtype=torch.float32
tensor([0., 0., 0., 0., 0., 0., 1., 0.])
  [  feat_opes_batch[0, 1, :] (num_elig_mas)]  shape=(8,)  dtype=torch.float32
tensor([2., 3., 2., 2., 2., 2., 1., 3.])
  [  feat_opes_batch[0, 2, :] (proc_time)]  shape=(8,)  dtype=torch.float32
tensor([12.0000, 10.3333, 17.5000,  7.5000, 20.0000, 14.5000, 14.0000, 17.6667])

--- cal_cumul_adj after zeroing last_opes row ---
  [  last_opes (index whose row was zeroed)]  shape=(4,)  dtype=torch.int64
tensor([7, 7, 7, 7])
  [  cal_cumul_adj_batch[0]]  shape=(8, 8)  dtype=torch.float32
tensor([[0., 1., 1., 0., 0., 0., 0., 0.],
        [0., 0., 1., 0., 0., 0., 0., 0.],
        [0., 0., 0., 0., 0., 0., 0., 0.],
        [0., 0., 0., 0., 1., 1., 0., 0.],
        [0., 0., 0., 0., 0., 1., 0., 0.],
        [0., 0., 0., 0., 0., 0., 0., 0.],
        [0., 0., 0., 0., 0., 0., 0., 1.],
        [0., 0., 0., 0., 0., 0., 0., 0.]])

--- feat_opes[:,3,:] (unscheduled ops) after -1 ---
  [  start_ope (per active instance)]  shape=(4,)  dtype=torch.int64
tensor([6, 3, 2, 0])
  [  end_ope   (per active instance)]  shape=(4,)  dtype=torch.int64
tensor([7, 4, 3, 1])
  [  feat_opes_batch[0, 3, :] (unscheduled_ops)]  shape=(8,)  dtype=torch.float32
tensor([3., 3., 3., 3., 3., 3., 1., 1.])

--- job_remaining_work update ---
  [  job_remaining_work_batch[0] (after subtraction)]  shape=(3,)  dtype=torch.float32
tensor([39.8333, 42.0000, 19.1667])
  [  feat_opes_batch[0, 6, :] (remaining work per op)]  shape=(8,)  dtype=torch.float32
tensor([39.8333, 39.8333, 39.8333, 42.0000, 42.0000, 42.0000, 19.1667, 19.1667])

--- feat_opes[:,7,:] job_progress after update ---
  [  feat_opes_batch[0, 7, :] (job_progress)]  shape=(8,)  dtype=torch.float32
tensor([0.0000, 0.0000, 0.0000, 0.0000, 0.0000, 0.0000, 0.5000, 0.5000])

--- start_time estimation ---
  time (current global time per instance): [0.0, 0.0, 0.0, 0.0]
  [  is_scheduled (feat0)]  shape=(8,)  dtype=torch.float32
tensor([0., 0., 0., 0., 0., 0., 1., 0.])
  [  start_times[0]]  shape=(8,)  dtype=torch.float32
tensor([0., 0., 0., 0., 0., 0., 0., 0.])
  [  un_scheduled[0]]  shape=(8,)  dtype=torch.float32
tensor([1., 1., 1., 1., 1., 1., 0., 1.])
  [  estimate_times[0]]  shape=(8,)  dtype=torch.float32
tensor([ 0.0000, 12.0000, 22.3333,  0.0000,  7.5000, 27.5000,  0.0000, 14.0000])
  [  feat_opes_batch[0, 5, :] (start_time after)]  shape=(8,)  dtype=torch.float32
tensor([ 0.0000, 12.0000, 22.3333,  0.0000,  7.5000, 27.5000,  0.0000, 14.0000])

--- job end time estimate ---
  [  end_time_batch (at end_ope per job)]  shape=(4, 3)  dtype=torch.float32
tensor([[39.8333, 42.0000, 31.6667],
        [42.0000, 31.6667, 39.8333],
        [24.0000, 35.0000, 26.0000],
        [35.0000, 26.0000, 24.0000]])
  [  feat_opes_batch[0, 4, :] (job_end_time broadcast to ops)]  shape=(8,)  dtype=torch.float32
tensor([39.8333, 39.8333, 39.8333, 42.0000, 42.0000, 42.0000, 31.6667, 31.6667])

--- schedules_batch[0] update (cols: [assigned,ma,start,end]) ---
  [  schedules_batch[0]]  shape=(8, 4)  dtype=torch.float32
tensor([[ 0.0000,  0.0000,  0.0000, 12.0000],
        [ 0.0000,  0.0000, 12.0000, 22.3333],
        [ 0.0000,  0.0000, 22.3333, 39.8333],
        [ 0.0000,  0.0000,  0.0000,  7.5000],
        [ 0.0000,  0.0000,  7.5000, 27.5000],
        [ 0.0000,  0.0000, 27.5000, 42.0000],
        [ 1.0000,  2.0000,  0.0000, 14.0000],
        [ 0.0000,  0.0000, 14.0000, 31.6667]])

--- machines_batch[0] update (cols: [avail,end_time,total_proc,job]) ---
  [  machines_batch[0]]  shape=(3, 4)  dtype=torch.float32
tensor([[ 1.,  0.,  0.,  0.],
        [ 1.,  0.,  0.,  0.],
        [ 0., 14., 14.,  2.]])

--- feat_mas_batch[0] after update ---
  [  feat_mas_batch[0, 0, :] (ops_assignable)]  shape=(3,)  dtype=torch.float32
tensor([6., 4., 7.])
  [  feat_mas_batch[0, 1, :] (earliest_end_time)]  shape=(3,)  dtype=torch.float32
tensor([ 0.,  0., 14.])
  [  feat_mas_batch[0, 2, :] (utilization)]  shape=(3,)  dtype=torch.float32
tensor([0., 0., 0.])

--- mask & ope_step after step ---
  [  ope_step_batch[0]]  shape=(3,)  dtype=torch.int64
tensor([0, 3, 7])
  [  mask_job_procing_batch[0]]  shape=(3,)  dtype=torch.bool
tensor([False, False,  True])
  [  mask_ma_procing_batch[0]]  shape=(3,)  dtype=torch.bool
tensor([False, False,  True])
  [  mask_job_finish_batch[0]]  shape=(3,)  dtype=torch.bool
tensor([False, False, False])
  [  done_batch]  shape=(4,)  dtype=torch.bool
tensor([False, False, False, False])
  done (all) = False

--- reward ---
  [  makespan_batch (new max)]  shape=(4,)  dtype=torch.float32
tensor([42., 42., 35., 35.])
  [  reward_batch (old_makespan - new_makespan)]  shape=(4,)  dtype=torch.float32
tensor([ 0.,  0., -1., -1.])
  [  flag_trans_2_next_time (final)]  shape=(4,)  dtype=torch.float64
tensor([21., 21., 17., 17.], dtype=torch.float64)

--- batch_idxes after removing finished instances ---
  [  mask_finish]  shape=(4,)  dtype=torch.bool
tensor([True, True, True, True])
  [  batch_idxes (remaining)]  shape=(4,)  dtype=torch.int64
tensor([0, 1, 2, 3])

======================================================================
  env.step #1 END  (done=False)
======================================================================

======================================================================
  env.step  [step #2]
======================================================================
  self.time = [0.0, 0.0, 0.0, 0.0]
  [  actions[0] opes]  shape=(4,)  dtype=torch.int64
tensor([0, 5, 4, 2])
  [  actions[1] mas ]  shape=(4,)  dtype=torch.int64
tensor([0, 0, 0, 0])
  [  actions[2] jobs]  shape=(4,)  dtype=torch.int64
tensor([0, 2, 2, 1])
  [  N (after +1)]  shape=(4,)  dtype=torch.int32
tensor([2, 2, 2, 2], dtype=torch.int32)
  [  batch_idxes (active)]  shape=(4,)  dtype=torch.int64
tensor([0, 1, 2, 3])

--- ope_ma_adj update ---
  [  remain_ope_ma_adj (rows=batch, cols=mas)]  shape=(4, 3)  dtype=torch.int64
tensor([[1, 0, 0],
        [1, 0, 0],
        [1, 0, 0],
        [1, 0, 0]])
  [  ope_ma_adj_batch[0] after update]  shape=(8, 3)  dtype=torch.int64
tensor([[1, 0, 0],
        [1, 1, 1],
        [0, 1, 1],
        [1, 0, 1],
        [1, 1, 0],
        [1, 0, 1],
        [0, 0, 1],
        [1, 1, 1]])
  [  proc_times_batch[0] after masking]  shape=(8, 3)  dtype=torch.float32
tensor([[13.,  0.,  0.],
        [13.,  9.,  9.],
        [ 0., 19., 16.],
        [ 8.,  0.,  7.],
        [20., 20.,  0.],
        [15.,  0., 14.],
        [ 0.,  0., 14.],
        [19., 20., 14.]])

--- proc_times for selected (ope, ma) ---
  [  proc_times (per active instance)]  shape=(4,)  dtype=torch.float32
tensor([13., 13., 17., 17.])

--- feat_opes[:, 0:3, opes] after scheduling ---
  [  feat_opes_batch[0, 0, :] (status)]  shape=(8,)  dtype=torch.float32
tensor([1., 0., 0., 0., 0., 0., 1., 0.])
  [  feat_opes_batch[0, 1, :] (num_elig_mas)]  shape=(8,)  dtype=torch.float32
tensor([1., 3., 2., 2., 2., 2., 1., 3.])
  [  feat_opes_batch[0, 2, :] (proc_time)]  shape=(8,)  dtype=torch.float32
tensor([13.0000, 10.3333, 17.5000,  7.5000, 20.0000, 14.5000, 14.0000, 17.6667])

--- cal_cumul_adj after zeroing last_opes row ---
  [  last_opes (index whose row was zeroed)]  shape=(4,)  dtype=torch.int64
tensor([7, 7, 7, 7])
  [  cal_cumul_adj_batch[0]]  shape=(8, 8)  dtype=torch.float32
tensor([[0., 1., 1., 0., 0., 0., 0., 0.],
        [0., 0., 1., 0., 0., 0., 0., 0.],
        [0., 0., 0., 0., 0., 0., 0., 0.],
        [0., 0., 0., 0., 1., 1., 0., 0.],
        [0., 0., 0., 0., 0., 1., 0., 0.],
        [0., 0., 0., 0., 0., 0., 0., 0.],
        [0., 0., 0., 0., 0., 0., 0., 1.],
        [0., 0., 0., 0., 0., 0., 0., 0.]])

--- feat_opes[:,3,:] (unscheduled ops) after -1 ---
  [  start_ope (per active instance)]  shape=(4,)  dtype=torch.int64
tensor([0, 5, 4, 2])
  [  end_ope   (per active instance)]  shape=(4,)  dtype=torch.int64
tensor([2, 7, 5, 3])
  [  feat_opes_batch[0, 3, :] (unscheduled_ops)]  shape=(8,)  dtype=torch.float32
tensor([2., 2., 2., 3., 3., 3., 1., 1.])

--- job_remaining_work update ---
  [  job_remaining_work_batch[0] (after subtraction)]  shape=(3,)  dtype=torch.float32
tensor([26.8333, 42.0000, 19.1667])
  [  feat_opes_batch[0, 6, :] (remaining work per op)]  shape=(8,)  dtype=torch.float32
tensor([26.8333, 26.8333, 26.8333, 42.0000, 42.0000, 42.0000, 19.1667, 19.1667])

--- feat_opes[:,7,:] job_progress after update ---
  [  feat_opes_batch[0, 7, :] (job_progress)]  shape=(8,)  dtype=torch.float32
tensor([0.3333, 0.3333, 0.3333, 0.0000, 0.0000, 0.0000, 0.5000, 0.5000])

--- start_time estimation ---
  time (current global time per instance): [0.0, 0.0, 0.0, 0.0]
  [  is_scheduled (feat0)]  shape=(8,)  dtype=torch.float32
tensor([1., 0., 0., 0., 0., 0., 1., 0.])
  [  start_times[0]]  shape=(8,)  dtype=torch.float32
tensor([0., 0., 0., 0., 0., 0., 0., 0.])
  [  un_scheduled[0]]  shape=(8,)  dtype=torch.float32
tensor([0., 1., 1., 1., 1., 1., 0., 1.])
  [  estimate_times[0]]  shape=(8,)  dtype=torch.float32
tensor([ 0.0000, 13.0000, 23.3333,  0.0000,  7.5000, 27.5000,  0.0000, 14.0000])
  [  feat_opes_batch[0, 5, :] (start_time after)]  shape=(8,)  dtype=torch.float32
tensor([ 0.0000, 13.0000, 23.3333,  0.0000,  7.5000, 27.5000,  0.0000, 14.0000])

--- job end time estimate ---
  [  end_time_batch (at end_ope per job)]  shape=(4, 3)  dtype=torch.float32
tensor([[40.8333, 42.0000, 31.6667],
        [42.0000, 31.6667, 40.8333],
        [24.0000, 35.0000, 26.0000],
        [35.0000, 26.0000, 24.0000]])
  [  feat_opes_batch[0, 4, :] (job_end_time broadcast to ops)]  shape=(8,)  dtype=torch.float32
tensor([40.8333, 40.8333, 40.8333, 42.0000, 42.0000, 42.0000, 31.6667, 31.6667])

--- schedules_batch[0] update (cols: [assigned,ma,start,end]) ---
  [  schedules_batch[0]]  shape=(8, 4)  dtype=torch.float32
tensor([[ 1.0000,  0.0000,  0.0000, 13.0000],
        [ 0.0000,  0.0000, 13.0000, 23.3333],
        [ 0.0000,  0.0000, 23.3333, 40.8333],
        [ 0.0000,  0.0000,  0.0000,  7.5000],
        [ 0.0000,  0.0000,  7.5000, 27.5000],
        [ 0.0000,  0.0000, 27.5000, 42.0000],
        [ 1.0000,  2.0000,  0.0000, 14.0000],
        [ 0.0000,  0.0000, 14.0000, 31.6667]])

--- machines_batch[0] update (cols: [avail,end_time,total_proc,job]) ---
  [  machines_batch[0]]  shape=(3, 4)  dtype=torch.float32
tensor([[ 0., 13., 13.,  0.],
        [ 1.,  0.,  0.,  0.],
        [ 0., 14., 14.,  2.]])

--- feat_mas_batch[0] after update ---
  [  feat_mas_batch[0, 0, :] (ops_assignable)]  shape=(3,)  dtype=torch.float32
tensor([6., 4., 6.])
  [  feat_mas_batch[0, 1, :] (earliest_end_time)]  shape=(3,)  dtype=torch.float32
tensor([13.,  0., 14.])
  [  feat_mas_batch[0, 2, :] (utilization)]  shape=(3,)  dtype=torch.float32
tensor([0., 0., 0.])

--- mask & ope_step after step ---
  [  ope_step_batch[0]]  shape=(3,)  dtype=torch.int64
tensor([1, 3, 7])
  [  mask_job_procing_batch[0]]  shape=(3,)  dtype=torch.bool
tensor([ True, False,  True])
  [  mask_ma_procing_batch[0]]  shape=(3,)  dtype=torch.bool
tensor([ True, False,  True])
  [  mask_job_finish_batch[0]]  shape=(3,)  dtype=torch.bool
tensor([False, False, False])
  [  done_batch]  shape=(4,)  dtype=torch.bool
tensor([False, False, False, False])
  done (all) = False

--- reward ---
  [  makespan_batch (new max)]  shape=(4,)  dtype=torch.float32
tensor([42., 42., 35., 35.])
  [  reward_batch (old_makespan - new_makespan)]  shape=(4,)  dtype=torch.float32
tensor([0., 0., 0., 0.])

--- [time advance] if_no_eligible triggered ---
  [  flag_trans_2_next_time (before)]  shape=(4,)  dtype=torch.float64
tensor([0., 0., 0., 0.], dtype=torch.float64)
  [  time after next_time()]  shape=(4,)  dtype=torch.float32
tensor([13., 13., 17., 17.])
  [  mask_job_procing_batch[0] after next_time]  shape=(3,)  dtype=torch.bool
tensor([False, False,  True])
  [  mask_ma_procing_batch[0]  after next_time]  shape=(3,)  dtype=torch.bool
tensor([False, False,  True])
  [  flag_trans_2_next_time (final)]  shape=(4,)  dtype=torch.float64
tensor([30., 30.,  9.,  9.], dtype=torch.float64)

--- batch_idxes after removing finished instances ---
  [  mask_finish]  shape=(4,)  dtype=torch.bool
tensor([True, True, True, True])
  [  batch_idxes (remaining)]  shape=(4,)  dtype=torch.int64
tensor([0, 1, 2, 3])

======================================================================
  env.step #2 END  (done=False)
======================================================================

======================================================================
  env.step  [step #3]
======================================================================
  self.time = [13.0, 13.0, 17.0, 17.0]
  [  actions[0] opes]  shape=(4,)  dtype=torch.int64
tensor([1, 6, 5, 3])
  [  actions[1] mas ]  shape=(4,)  dtype=torch.int64
tensor([0, 0, 1, 1])
  [  actions[2] jobs]  shape=(4,)  dtype=torch.int64
tensor([0, 2, 2, 1])
  [  N (after +1)]  shape=(4,)  dtype=torch.int32
tensor([3, 3, 3, 3], dtype=torch.int32)
  [  batch_idxes (active)]  shape=(4,)  dtype=torch.int64
tensor([0, 1, 2, 3])

--- ope_ma_adj update ---
  [  remain_ope_ma_adj (rows=batch, cols=mas)]  shape=(4, 3)  dtype=torch.int64
tensor([[1, 0, 0],
        [1, 0, 0],
        [0, 1, 0],
        [0, 1, 0]])
  [  ope_ma_adj_batch[0] after update]  shape=(8, 3)  dtype=torch.int64
tensor([[1, 0, 0],
        [1, 0, 0],
        [0, 1, 1],
        [1, 0, 1],
        [1, 1, 0],
        [1, 0, 1],
        [0, 0, 1],
        [1, 1, 1]])
  [  proc_times_batch[0] after masking]  shape=(8, 3)  dtype=torch.float32
tensor([[13.,  0.,  0.],
        [13.,  0.,  0.],
        [ 0., 19., 16.],
        [ 8.,  0.,  7.],
        [20., 20.,  0.],
        [15.,  0., 14.],
        [ 0.,  0., 14.],
        [19., 20., 14.]])

--- proc_times for selected (ope, ma) ---
  [  proc_times (per active instance)]  shape=(4,)  dtype=torch.float32
tensor([13., 13.,  9.,  9.])

--- feat_opes[:, 0:3, opes] after scheduling ---
  [  feat_opes_batch[0, 0, :] (status)]  shape=(8,)  dtype=torch.float32
tensor([1., 1., 0., 0., 0., 0., 1., 0.])
  [  feat_opes_batch[0, 1, :] (num_elig_mas)]  shape=(8,)  dtype=torch.float32
tensor([1., 1., 2., 2., 2., 2., 1., 3.])
  [  feat_opes_batch[0, 2, :] (proc_time)]  shape=(8,)  dtype=torch.float32
tensor([13.0000, 13.0000, 17.5000,  7.5000, 20.0000, 14.5000, 14.0000, 17.6667])

--- cal_cumul_adj after zeroing last_opes row ---
  [  last_opes (index whose row was zeroed)]  shape=(4,)  dtype=torch.int64
tensor([0, 5, 4, 2])
  [  cal_cumul_adj_batch[0]]  shape=(8, 8)  dtype=torch.float32
tensor([[0., 0., 0., 0., 0., 0., 0., 0.],
        [0., 0., 1., 0., 0., 0., 0., 0.],
        [0., 0., 0., 0., 0., 0., 0., 0.],
        [0., 0., 0., 0., 1., 1., 0., 0.],
        [0., 0., 0., 0., 0., 1., 0., 0.],
        [0., 0., 0., 0., 0., 0., 0., 0.],
        [0., 0., 0., 0., 0., 0., 0., 1.],
        [0., 0., 0., 0., 0., 0., 0., 0.]])

--- feat_opes[:,3,:] (unscheduled ops) after -1 ---
  [  start_ope (per active instance)]  shape=(4,)  dtype=torch.int64
tensor([0, 5, 4, 2])
  [  end_ope   (per active instance)]  shape=(4,)  dtype=torch.int64
tensor([2, 7, 5, 3])
  [  feat_opes_batch[0, 3, :] (unscheduled_ops)]  shape=(8,)  dtype=torch.float32
tensor([1., 1., 1., 3., 3., 3., 1., 1.])

--- job_remaining_work update ---
  [  job_remaining_work_batch[0] (after subtraction)]  shape=(3,)  dtype=torch.float32
tensor([13.8333, 42.0000, 19.1667])
  [  feat_opes_batch[0, 6, :] (remaining work per op)]  shape=(8,)  dtype=torch.float32
tensor([13.8333, 13.8333, 13.8333, 42.0000, 42.0000, 42.0000, 19.1667, 19.1667])

--- feat_opes[:,7,:] job_progress after update ---
  [  feat_opes_batch[0, 7, :] (job_progress)]  shape=(8,)  dtype=torch.float32
tensor([0.6667, 0.6667, 0.6667, 0.0000, 0.0000, 0.0000, 0.5000, 0.5000])

--- start_time estimation ---
  time (current global time per instance): [13.0, 13.0, 17.0, 17.0]
  [  is_scheduled (feat0)]  shape=(8,)  dtype=torch.float32
tensor([1., 1., 0., 0., 0., 0., 1., 0.])
  [  start_times[0]]  shape=(8,)  dtype=torch.float32
tensor([ 0., 13.,  0.,  0.,  0.,  0.,  0.,  0.])
  [  un_scheduled[0]]  shape=(8,)  dtype=torch.float32
tensor([0., 0., 1., 1., 1., 1., 0., 1.])
  [  estimate_times[0]]  shape=(8,)  dtype=torch.float32
tensor([ 0.0000,  0.0000, 26.0000,  0.0000,  7.5000, 27.5000,  0.0000, 14.0000])
  [  feat_opes_batch[0, 5, :] (start_time after)]  shape=(8,)  dtype=torch.float32
tensor([ 0.0000, 13.0000, 26.0000,  0.0000,  7.5000, 27.5000,  0.0000, 14.0000])

--- job end time estimate ---
  [  end_time_batch (at end_ope per job)]  shape=(4, 3)  dtype=torch.float32
tensor([[43.5000, 42.0000, 31.6667],
        [42.0000, 31.6667, 43.5000],
        [24.0000, 35.0000, 26.0000],
        [35.0000, 26.0000, 24.0000]])
  [  feat_opes_batch[0, 4, :] (job_end_time broadcast to ops)]  shape=(8,)  dtype=torch.float32
tensor([43.5000, 43.5000, 43.5000, 42.0000, 42.0000, 42.0000, 31.6667, 31.6667])

--- schedules_batch[0] update (cols: [assigned,ma,start,end]) ---
  [  schedules_batch[0]]  shape=(8, 4)  dtype=torch.float32
tensor([[ 1.0000,  0.0000,  0.0000, 13.0000],
        [ 1.0000,  0.0000, 13.0000, 26.0000],
        [ 0.0000,  0.0000, 26.0000, 43.5000],
        [ 0.0000,  0.0000,  0.0000,  7.5000],
        [ 0.0000,  0.0000,  7.5000, 27.5000],
        [ 0.0000,  0.0000, 27.5000, 42.0000],
        [ 1.0000,  2.0000,  0.0000, 14.0000],
        [ 0.0000,  0.0000, 14.0000, 31.6667]])

--- machines_batch[0] update (cols: [avail,end_time,total_proc,job]) ---
  [  machines_batch[0]]  shape=(3, 4)  dtype=torch.float32
tensor([[ 0., 26., 26.,  0.],
        [ 1.,  0.,  0.,  0.],
        [ 0., 14., 14.,  2.]])

--- feat_mas_batch[0] after update ---
  [  feat_mas_batch[0, 0, :] (ops_assignable)]  shape=(3,)  dtype=torch.float32
tensor([6., 3., 5.])
  [  feat_mas_batch[0, 1, :] (earliest_end_time)]  shape=(3,)  dtype=torch.float32
tensor([26.,  0., 14.])
  [  feat_mas_batch[0, 2, :] (utilization)]  shape=(3,)  dtype=torch.float32
tensor([1., 0., 1.])

--- mask & ope_step after step ---
  [  ope_step_batch[0]]  shape=(3,)  dtype=torch.int64
tensor([2, 3, 7])
  [  mask_job_procing_batch[0]]  shape=(3,)  dtype=torch.bool
tensor([ True, False,  True])
  [  mask_ma_procing_batch[0]]  shape=(3,)  dtype=torch.bool
tensor([ True, False,  True])
  [  mask_job_finish_batch[0]]  shape=(3,)  dtype=torch.bool
tensor([False, False, False])
  [  done_batch]  shape=(4,)  dtype=torch.bool
tensor([False, False, False, False])
  done (all) = False

--- reward ---
  [  makespan_batch (new max)]  shape=(4,)  dtype=torch.float32
tensor([43.5000, 43.5000, 35.0000, 35.0000])
  [  reward_batch (old_makespan - new_makespan)]  shape=(4,)  dtype=torch.float32
tensor([-1.5000, -1.5000,  0.0000,  0.0000])

--- [time advance] if_no_eligible triggered ---
  [  flag_trans_2_next_time (before)]  shape=(4,)  dtype=torch.float64
tensor([0., 0., 0., 0.], dtype=torch.float64)
  [  time after next_time()]  shape=(4,)  dtype=torch.float32
tensor([14., 14., 20., 20.])
  [  mask_job_procing_batch[0] after next_time]  shape=(3,)  dtype=torch.bool
tensor([ True, False, False])
  [  mask_ma_procing_batch[0]  after next_time]  shape=(3,)  dtype=torch.bool
tensor([ True, False, False])
  [  flag_trans_2_next_time (final)]  shape=(4,)  dtype=torch.float64
tensor([41., 41., 32., 32.], dtype=torch.float64)

--- batch_idxes after removing finished instances ---
  [  mask_finish]  shape=(4,)  dtype=torch.bool
tensor([True, True, True, True])
  [  batch_idxes (remaining)]  shape=(4,)  dtype=torch.int64
tensor([0, 1, 2, 3])

======================================================================
  env.step #3 END  (done=False)
======================================================================

======================================================================
  env.step  [step #4]
======================================================================
  self.time = [14.0, 14.0, 20.0, 20.0]
  [  actions[0] opes]  shape=(4,)  dtype=torch.int64
tensor([7, 4, 3, 1])
  [  actions[1] mas ]  shape=(4,)  dtype=torch.int64
tensor([2, 2, 2, 2])
  [  actions[2] jobs]  shape=(4,)  dtype=torch.int64
tensor([2, 1, 1, 0])
  [  N (after +1)]  shape=(4,)  dtype=torch.int32
tensor([4, 4, 4, 4], dtype=torch.int32)
  [  batch_idxes (active)]  shape=(4,)  dtype=torch.int64
tensor([0, 1, 2, 3])

--- ope_ma_adj update ---
  [  remain_ope_ma_adj (rows=batch, cols=mas)]  shape=(4, 3)  dtype=torch.int64
tensor([[0, 0, 1],
        [0, 0, 1],
        [0, 0, 1],
        [0, 0, 1]])
  [  ope_ma_adj_batch[0] after update]  shape=(8, 3)  dtype=torch.int64
tensor([[1, 0, 0],
        [1, 0, 0],
        [0, 1, 1],
        [1, 0, 1],
        [1, 1, 0],
        [1, 0, 1],
        [0, 0, 1],
        [0, 0, 1]])
  [  proc_times_batch[0] after masking]  shape=(8, 3)  dtype=torch.float32
tensor([[13.,  0.,  0.],
        [13.,  0.,  0.],
        [ 0., 19., 16.],
        [ 8.,  0.,  7.],
        [20., 20.,  0.],
        [15.,  0., 14.],
        [ 0.,  0., 14.],
        [ 0.,  0., 14.]])

--- proc_times for selected (ope, ma) ---
  [  proc_times (per active instance)]  shape=(4,)  dtype=torch.float32
tensor([14., 14., 15., 15.])

--- feat_opes[:, 0:3, opes] after scheduling ---
  [  feat_opes_batch[0, 0, :] (status)]  shape=(8,)  dtype=torch.float32
tensor([1., 1., 0., 0., 0., 0., 1., 1.])
  [  feat_opes_batch[0, 1, :] (num_elig_mas)]  shape=(8,)  dtype=torch.float32
tensor([1., 1., 2., 2., 2., 2., 1., 1.])
  [  feat_opes_batch[0, 2, :] (proc_time)]  shape=(8,)  dtype=torch.float32
tensor([13.0000, 13.0000, 17.5000,  7.5000, 20.0000, 14.5000, 14.0000, 14.0000])

--- cal_cumul_adj after zeroing last_opes row ---
  [  last_opes (index whose row was zeroed)]  shape=(4,)  dtype=torch.int64
tensor([6, 3, 2, 0])
  [  cal_cumul_adj_batch[0]]  shape=(8, 8)  dtype=torch.float32
tensor([[0., 0., 0., 0., 0., 0., 0., 0.],
        [0., 0., 1., 0., 0., 0., 0., 0.],
        [0., 0., 0., 0., 0., 0., 0., 0.],
        [0., 0., 0., 0., 1., 1., 0., 0.],
        [0., 0., 0., 0., 0., 1., 0., 0.],
        [0., 0., 0., 0., 0., 0., 0., 0.],
        [0., 0., 0., 0., 0., 0., 0., 0.],
        [0., 0., 0., 0., 0., 0., 0., 0.]])

--- feat_opes[:,3,:] (unscheduled ops) after -1 ---
  [  start_ope (per active instance)]  shape=(4,)  dtype=torch.int64
tensor([6, 3, 2, 0])
  [  end_ope   (per active instance)]  shape=(4,)  dtype=torch.int64
tensor([7, 4, 3, 1])
  [  feat_opes_batch[0, 3, :] (unscheduled_ops)]  shape=(8,)  dtype=torch.float32
tensor([1., 1., 1., 3., 3., 3., 0., 0.])

--- job_remaining_work update ---
  [  job_remaining_work_batch[0] (after subtraction)]  shape=(3,)  dtype=torch.float32
tensor([13.8333, 42.0000,  5.1667])
  [  feat_opes_batch[0, 6, :] (remaining work per op)]  shape=(8,)  dtype=torch.float32
tensor([13.8333, 13.8333, 13.8333, 42.0000, 42.0000, 42.0000,  5.1667,  5.1667])

--- feat_opes[:,7,:] job_progress after update ---
  [  feat_opes_batch[0, 7, :] (job_progress)]  shape=(8,)  dtype=torch.float32
tensor([0.6667, 0.6667, 0.6667, 0.0000, 0.0000, 0.0000, 1.0000, 1.0000])

--- start_time estimation ---
  time (current global time per instance): [14.0, 14.0, 20.0, 20.0]
  [  is_scheduled (feat0)]  shape=(8,)  dtype=torch.float32
tensor([1., 1., 0., 0., 0., 0., 1., 1.])
  [  start_times[0]]  shape=(8,)  dtype=torch.float32
tensor([ 0., 13.,  0.,  0.,  0.,  0.,  0., 14.])
  [  un_scheduled[0]]  shape=(8,)  dtype=torch.float32
tensor([0., 0., 1., 1., 1., 1., 0., 0.])
  [  estimate_times[0]]  shape=(8,)  dtype=torch.float32
tensor([ 0.0000,  0.0000, 26.0000,  0.0000,  7.5000, 27.5000,  0.0000,  0.0000])
  [  feat_opes_batch[0, 5, :] (start_time after)]  shape=(8,)  dtype=torch.float32
tensor([ 0.0000, 13.0000, 26.0000,  0.0000,  7.5000, 27.5000,  0.0000, 14.0000])

--- job end time estimate ---
  [  end_time_batch (at end_ope per job)]  shape=(4, 3)  dtype=torch.float32
tensor([[43.5000, 42.0000, 28.0000],
        [42.0000, 28.0000, 43.5000],
        [24.0000, 35.0000, 26.0000],
        [35.0000, 26.0000, 24.0000]])
  [  feat_opes_batch[0, 4, :] (job_end_time broadcast to ops)]  shape=(8,)  dtype=torch.float32
tensor([43.5000, 43.5000, 43.5000, 42.0000, 42.0000, 42.0000, 28.0000, 28.0000])

--- schedules_batch[0] update (cols: [assigned,ma,start,end]) ---
  [  schedules_batch[0]]  shape=(8, 4)  dtype=torch.float32
tensor([[ 1.0000,  0.0000,  0.0000, 13.0000],
        [ 1.0000,  0.0000, 13.0000, 26.0000],
        [ 0.0000,  0.0000, 26.0000, 43.5000],
        [ 0.0000,  0.0000,  0.0000,  7.5000],
        [ 0.0000,  0.0000,  7.5000, 27.5000],
        [ 0.0000,  0.0000, 27.5000, 42.0000],
        [ 1.0000,  2.0000,  0.0000, 14.0000],
        [ 1.0000,  2.0000, 14.0000, 28.0000]])

--- machines_batch[0] update (cols: [avail,end_time,total_proc,job]) ---
  [  machines_batch[0]]  shape=(3, 4)  dtype=torch.float32
tensor([[ 0., 26., 26.,  0.],
        [ 1.,  0.,  0.,  0.],
        [ 0., 28., 28.,  2.]])

--- feat_mas_batch[0] after update ---
  [  feat_mas_batch[0, 0, :] (ops_assignable)]  shape=(3,)  dtype=torch.float32
tensor([5., 2., 5.])
  [  feat_mas_batch[0, 1, :] (earliest_end_time)]  shape=(3,)  dtype=torch.float32
tensor([26.,  0., 28.])
  [  feat_mas_batch[0, 2, :] (utilization)]  shape=(3,)  dtype=torch.float32
tensor([1., 0., 1.])

--- mask & ope_step after step ---
  [  ope_step_batch[0]]  shape=(3,)  dtype=torch.int64
tensor([2, 3, 8])
  [  mask_job_procing_batch[0]]  shape=(3,)  dtype=torch.bool
tensor([ True, False,  True])
  [  mask_ma_procing_batch[0]]  shape=(3,)  dtype=torch.bool
tensor([ True, False,  True])
  [  mask_job_finish_batch[0]]  shape=(3,)  dtype=torch.bool
tensor([False, False,  True])
  [  done_batch]  shape=(4,)  dtype=torch.bool
tensor([False, False, False, False])
  done (all) = False

--- reward ---
  [  makespan_batch (new max)]  shape=(4,)  dtype=torch.float32
tensor([43.5000, 43.5000, 35.0000, 35.0000])
  [  reward_batch (old_makespan - new_makespan)]  shape=(4,)  dtype=torch.float32
tensor([0., 0., 0., 0.])

--- [time advance] if_no_eligible triggered ---
  [  flag_trans_2_next_time (before)]  shape=(4,)  dtype=torch.float64
tensor([0., 0., 0., 0.], dtype=torch.float64)
  [  time after next_time()]  shape=(4,)  dtype=torch.float32
tensor([26., 26., 26., 26.])
  [  mask_job_procing_batch[0] after next_time]  shape=(3,)  dtype=torch.bool
tensor([False, False,  True])
  [  mask_ma_procing_batch[0]  after next_time]  shape=(3,)  dtype=torch.bool
tensor([False, False,  True])

--- [time advance] if_no_eligible triggered ---
  [  flag_trans_2_next_time (before)]  shape=(4,)  dtype=torch.float64
tensor([27., 27.,  0.,  0.], dtype=torch.float64)
  [  time after next_time()]  shape=(4,)  dtype=torch.float32
tensor([26., 26., 35., 35.])
  [  mask_job_procing_batch[0] after next_time]  shape=(3,)  dtype=torch.bool
tensor([False, False,  True])
  [  mask_ma_procing_batch[0]  after next_time]  shape=(3,)  dtype=torch.bool
tensor([False, False,  True])
  [  flag_trans_2_next_time (final)]  shape=(4,)  dtype=torch.float64
tensor([27., 27., 17., 17.], dtype=torch.float64)

--- batch_idxes after removing finished instances ---
  [  mask_finish]  shape=(4,)  dtype=torch.bool
tensor([True, True, True, True])
  [  batch_idxes (remaining)]  shape=(4,)  dtype=torch.int64
tensor([0, 1, 2, 3])

======================================================================
  env.step #4 END  (done=False)
======================================================================

======================================================================
  env.step  [step #5]
======================================================================
  self.time = [26.0, 26.0, 35.0, 35.0]
  [  actions[0] opes]  shape=(4,)  dtype=torch.int64
tensor([3, 0, 0, 4])
  [  actions[1] mas ]  shape=(4,)  dtype=torch.int64
tensor([0, 0, 2, 2])
  [  actions[2] jobs]  shape=(4,)  dtype=torch.int64
tensor([1, 0, 0, 2])
  [  N (after +1)]  shape=(4,)  dtype=torch.int32
tensor([5, 5, 5, 5], dtype=torch.int32)
  [  batch_idxes (active)]  shape=(4,)  dtype=torch.int64
tensor([0, 1, 2, 3])

--- ope_ma_adj update ---
  [  remain_ope_ma_adj (rows=batch, cols=mas)]  shape=(4, 3)  dtype=torch.int64
tensor([[1, 0, 0],
        [1, 0, 0],
        [0, 0, 1],
        [0, 0, 1]])
  [  ope_ma_adj_batch[0] after update]  shape=(8, 3)  dtype=torch.int64
tensor([[1, 0, 0],
        [1, 0, 0],
        [0, 1, 1],
        [1, 0, 0],
        [1, 1, 0],
        [1, 0, 1],
        [0, 0, 1],
        [0, 0, 1]])
  [  proc_times_batch[0] after masking]  shape=(8, 3)  dtype=torch.float32
tensor([[13.,  0.,  0.],
        [13.,  0.,  0.],
        [ 0., 19., 16.],
        [ 8.,  0.,  0.],
        [20., 20.,  0.],
        [15.,  0., 14.],
        [ 0.,  0., 14.],
        [ 0.,  0., 14.]])

--- proc_times for selected (ope, ma) ---
  [  proc_times (per active instance)]  shape=(4,)  dtype=torch.float32
tensor([ 8.,  8., 17., 17.])

--- feat_opes[:, 0:3, opes] after scheduling ---
  [  feat_opes_batch[0, 0, :] (status)]  shape=(8,)  dtype=torch.float32
tensor([1., 1., 0., 1., 0., 0., 1., 1.])
  [  feat_opes_batch[0, 1, :] (num_elig_mas)]  shape=(8,)  dtype=torch.float32
tensor([1., 1., 2., 1., 2., 2., 1., 1.])
  [  feat_opes_batch[0, 2, :] (proc_time)]  shape=(8,)  dtype=torch.float32
tensor([13.0000, 13.0000, 17.5000,  8.0000, 20.0000, 14.5000, 14.0000, 14.0000])

--- cal_cumul_adj after zeroing last_opes row ---
  [  last_opes (index whose row was zeroed)]  shape=(4,)  dtype=torch.int64
tensor([7, 7, 7, 7])
  [  cal_cumul_adj_batch[0]]  shape=(8, 8)  dtype=torch.float32
tensor([[0., 0., 0., 0., 0., 0., 0., 0.],
        [0., 0., 1., 0., 0., 0., 0., 0.],
        [0., 0., 0., 0., 0., 0., 0., 0.],
        [0., 0., 0., 0., 1., 1., 0., 0.],
        [0., 0., 0., 0., 0., 1., 0., 0.],
        [0., 0., 0., 0., 0., 0., 0., 0.],
        [0., 0., 0., 0., 0., 0., 0., 0.],
        [0., 0., 0., 0., 0., 0., 0., 0.]])

--- feat_opes[:,3,:] (unscheduled ops) after -1 ---
  [  start_ope (per active instance)]  shape=(4,)  dtype=torch.int64
tensor([3, 0, 0, 4])
  [  end_ope   (per active instance)]  shape=(4,)  dtype=torch.int64
tensor([5, 2, 1, 5])
  [  feat_opes_batch[0, 3, :] (unscheduled_ops)]  shape=(8,)  dtype=torch.float32
tensor([1., 1., 1., 2., 2., 2., 0., 0.])

--- job_remaining_work update ---
  [  job_remaining_work_batch[0] (after subtraction)]  shape=(3,)  dtype=torch.float32
tensor([13.8333, 34.0000,  5.1667])
  [  feat_opes_batch[0, 6, :] (remaining work per op)]  shape=(8,)  dtype=torch.float32
tensor([13.8333, 13.8333, 13.8333, 34.0000, 34.0000, 34.0000,  5.1667,  5.1667])

--- feat_opes[:,7,:] job_progress after update ---
  [  feat_opes_batch[0, 7, :] (job_progress)]  shape=(8,)  dtype=torch.float32
tensor([0.6667, 0.6667, 0.6667, 0.3333, 0.3333, 0.3333, 1.0000, 1.0000])

--- start_time estimation ---
  time (current global time per instance): [26.0, 26.0, 35.0, 35.0]
  [  is_scheduled (feat0)]  shape=(8,)  dtype=torch.float32
tensor([1., 1., 0., 1., 0., 0., 1., 1.])
  [  start_times[0]]  shape=(8,)  dtype=torch.float32
tensor([ 0., 13.,  0., 26.,  0.,  0.,  0., 14.])
  [  un_scheduled[0]]  shape=(8,)  dtype=torch.float32
tensor([0., 0., 1., 0., 1., 1., 0., 0.])
  [  estimate_times[0]]  shape=(8,)  dtype=torch.float32
tensor([ 0.,  0., 26.,  0., 34., 54.,  0.,  0.])
  [  feat_opes_batch[0, 5, :] (start_time after)]  shape=(8,)  dtype=torch.float32
tensor([ 0., 13., 26., 26., 34., 54.,  0., 14.])

--- job end time estimate ---
  [  end_time_batch (at end_ope per job)]  shape=(4, 3)  dtype=torch.float32
tensor([[43.5000, 68.5000, 28.0000],
        [68.5000, 28.0000, 43.5000],
        [59.0000, 35.0000, 26.0000],
        [35.0000, 26.0000, 59.0000]])
  [  feat_opes_batch[0, 4, :] (job_end_time broadcast to ops)]  shape=(8,)  dtype=torch.float32
tensor([43.5000, 43.5000, 43.5000, 68.5000, 68.5000, 68.5000, 28.0000, 28.0000])

--- schedules_batch[0] update (cols: [assigned,ma,start,end]) ---
  [  schedules_batch[0]]  shape=(8, 4)  dtype=torch.float32
tensor([[ 1.0000,  0.0000,  0.0000, 13.0000],
        [ 1.0000,  0.0000, 13.0000, 26.0000],
        [ 0.0000,  0.0000, 26.0000, 43.5000],
        [ 1.0000,  0.0000, 26.0000, 34.0000],
        [ 0.0000,  0.0000, 34.0000, 54.0000],
        [ 0.0000,  0.0000, 54.0000, 68.5000],
        [ 1.0000,  2.0000,  0.0000, 14.0000],
        [ 1.0000,  2.0000, 14.0000, 28.0000]])

--- machines_batch[0] update (cols: [avail,end_time,total_proc,job]) ---
  [  machines_batch[0]]  shape=(3, 4)  dtype=torch.float32
tensor([[ 0., 34., 34.,  1.],
        [ 1.,  0.,  0.,  0.],
        [ 0., 28., 28.,  2.]])

--- feat_mas_batch[0] after update ---
  [  feat_mas_batch[0, 0, :] (ops_assignable)]  shape=(3,)  dtype=torch.float32
tensor([5., 2., 4.])
  [  feat_mas_batch[0, 1, :] (earliest_end_time)]  shape=(3,)  dtype=torch.float32
tensor([34.,  0., 28.])
  [  feat_mas_batch[0, 2, :] (utilization)]  shape=(3,)  dtype=torch.float32
tensor([1., 0., 1.])

--- mask & ope_step after step ---
  [  ope_step_batch[0]]  shape=(3,)  dtype=torch.int64
tensor([2, 4, 8])
  [  mask_job_procing_batch[0]]  shape=(3,)  dtype=torch.bool
tensor([False,  True,  True])
  [  mask_ma_procing_batch[0]]  shape=(3,)  dtype=torch.bool
tensor([ True, False,  True])
  [  mask_job_finish_batch[0]]  shape=(3,)  dtype=torch.bool
tensor([False, False,  True])
  [  done_batch]  shape=(4,)  dtype=torch.bool
tensor([False, False, False, False])
  done (all) = False

--- reward ---
  [  makespan_batch (new max)]  shape=(4,)  dtype=torch.float32
tensor([68.5000, 68.5000, 59.0000, 59.0000])
  [  reward_batch (old_makespan - new_makespan)]  shape=(4,)  dtype=torch.float32
tensor([-25., -25., -24., -24.])

--- [time advance] if_no_eligible triggered ---
  [  flag_trans_2_next_time (before)]  shape=(4,)  dtype=torch.float64
tensor([19., 19.,  0.,  0.], dtype=torch.float64)
  [  time after next_time()]  shape=(4,)  dtype=torch.float32
tensor([26., 26., 52., 52.])
  [  mask_job_procing_batch[0] after next_time]  shape=(3,)  dtype=torch.bool
tensor([False,  True,  True])
  [  mask_ma_procing_batch[0]  after next_time]  shape=(3,)  dtype=torch.bool
tensor([ True, False,  True])
  [  flag_trans_2_next_time (final)]  shape=(4,)  dtype=torch.float64
tensor([19., 19., 21., 21.], dtype=torch.float64)

--- batch_idxes after removing finished instances ---
  [  mask_finish]  shape=(4,)  dtype=torch.bool
tensor([True, True, True, True])
  [  batch_idxes (remaining)]  shape=(4,)  dtype=torch.int64
tensor([0, 1, 2, 3])

======================================================================
  env.step #5 END  (done=False)
======================================================================

======================================================================
  env.step  [step #6]
======================================================================
  self.time = [26.0, 26.0, 52.0, 52.0]
  [  actions[0] opes]  shape=(4,)  dtype=torch.int64
tensor([2, 7, 1, 5])
  [  actions[1] mas ]  shape=(4,)  dtype=torch.int64
tensor([1, 1, 2, 2])
  [  actions[2] jobs]  shape=(4,)  dtype=torch.int64
tensor([0, 2, 0, 2])
  [  N (after +1)]  shape=(4,)  dtype=torch.int32
tensor([6, 6, 6, 6], dtype=torch.int32)
  [  batch_idxes (active)]  shape=(4,)  dtype=torch.int64
tensor([0, 1, 2, 3])

--- ope_ma_adj update ---
  [  remain_ope_ma_adj (rows=batch, cols=mas)]  shape=(4, 3)  dtype=torch.int64
tensor([[0, 1, 0],
        [0, 1, 0],
        [0, 0, 1],
        [0, 0, 1]])
  [  ope_ma_adj_batch[0] after update]  shape=(8, 3)  dtype=torch.int64
tensor([[1, 0, 0],
        [1, 0, 0],
        [0, 1, 0],
        [1, 0, 0],
        [1, 1, 0],
        [1, 0, 1],
        [0, 0, 1],
        [0, 0, 1]])
  [  proc_times_batch[0] after masking]  shape=(8, 3)  dtype=torch.float32
tensor([[13.,  0.,  0.],
        [13.,  0.,  0.],
        [ 0., 19.,  0.],
        [ 8.,  0.,  0.],
        [20., 20.,  0.],
        [15.,  0., 14.],
        [ 0.,  0., 14.],
        [ 0.,  0., 14.]])

--- proc_times for selected (ope, ma) ---
  [  proc_times (per active instance)]  shape=(4,)  dtype=torch.float32
tensor([19., 19.,  7.,  7.])

--- feat_opes[:, 0:3, opes] after scheduling ---
  [  feat_opes_batch[0, 0, :] (status)]  shape=(8,)  dtype=torch.float32
tensor([1., 1., 1., 1., 0., 0., 1., 1.])
  [  feat_opes_batch[0, 1, :] (num_elig_mas)]  shape=(8,)  dtype=torch.float32
tensor([1., 1., 1., 1., 2., 2., 1., 1.])
  [  feat_opes_batch[0, 2, :] (proc_time)]  shape=(8,)  dtype=torch.float32
tensor([13.0000, 13.0000, 19.0000,  8.0000, 20.0000, 14.5000, 14.0000, 14.0000])

--- cal_cumul_adj after zeroing last_opes row ---
  [  last_opes (index whose row was zeroed)]  shape=(4,)  dtype=torch.int64
tensor([1, 6, 0, 4])
  [  cal_cumul_adj_batch[0]]  shape=(8, 8)  dtype=torch.float32
tensor([[0., 0., 0., 0., 0., 0., 0., 0.],
        [0., 0., 0., 0., 0., 0., 0., 0.],
        [0., 0., 0., 0., 0., 0., 0., 0.],
        [0., 0., 0., 0., 1., 1., 0., 0.],
        [0., 0., 0., 0., 0., 1., 0., 0.],
        [0., 0., 0., 0., 0., 0., 0., 0.],
        [0., 0., 0., 0., 0., 0., 0., 0.],
        [0., 0., 0., 0., 0., 0., 0., 0.]])

--- feat_opes[:,3,:] (unscheduled ops) after -1 ---
  [  start_ope (per active instance)]  shape=(4,)  dtype=torch.int64
tensor([0, 5, 0, 4])
  [  end_ope   (per active instance)]  shape=(4,)  dtype=torch.int64
tensor([2, 7, 1, 5])
  [  feat_opes_batch[0, 3, :] (unscheduled_ops)]  shape=(8,)  dtype=torch.float32
tensor([0., 0., 0., 2., 2., 2., 0., 0.])

--- job_remaining_work update ---
  [  job_remaining_work_batch[0] (after subtraction)]  shape=(3,)  dtype=torch.float32
tensor([ 0.0000, 34.0000,  5.1667])
  [  feat_opes_batch[0, 6, :] (remaining work per op)]  shape=(8,)  dtype=torch.float32
tensor([ 0.0000,  0.0000,  0.0000, 34.0000, 34.0000, 34.0000,  5.1667,  5.1667])

--- feat_opes[:,7,:] job_progress after update ---
  [  feat_opes_batch[0, 7, :] (job_progress)]  shape=(8,)  dtype=torch.float32
tensor([1.0000, 1.0000, 1.0000, 0.3333, 0.3333, 0.3333, 1.0000, 1.0000])

--- start_time estimation ---
  time (current global time per instance): [26.0, 26.0, 52.0, 52.0]
  [  is_scheduled (feat0)]  shape=(8,)  dtype=torch.float32
tensor([1., 1., 1., 1., 0., 0., 1., 1.])
  [  start_times[0]]  shape=(8,)  dtype=torch.float32
tensor([ 0., 13., 26., 26.,  0.,  0.,  0., 14.])
  [  un_scheduled[0]]  shape=(8,)  dtype=torch.float32
tensor([0., 0., 0., 0., 1., 1., 0., 0.])
  [  estimate_times[0]]  shape=(8,)  dtype=torch.float32
tensor([ 0.,  0.,  0.,  0., 34., 54.,  0.,  0.])
  [  feat_opes_batch[0, 5, :] (start_time after)]  shape=(8,)  dtype=torch.float32
tensor([ 0., 13., 26., 26., 34., 54.,  0., 14.])

--- job end time estimate ---
  [  end_time_batch (at end_ope per job)]  shape=(4, 3)  dtype=torch.float32
tensor([[45.0000, 68.5000, 28.0000],
        [68.5000, 28.0000, 45.0000],
        [59.0000, 35.0000, 26.0000],
        [35.0000, 26.0000, 59.0000]])
  [  feat_opes_batch[0, 4, :] (job_end_time broadcast to ops)]  shape=(8,)  dtype=torch.float32
tensor([45.0000, 45.0000, 45.0000, 68.5000, 68.5000, 68.5000, 28.0000, 28.0000])

--- schedules_batch[0] update (cols: [assigned,ma,start,end]) ---
  [  schedules_batch[0]]  shape=(8, 4)  dtype=torch.float32
tensor([[ 1.0000,  0.0000,  0.0000, 13.0000],
        [ 1.0000,  0.0000, 13.0000, 26.0000],
        [ 1.0000,  1.0000, 26.0000, 45.0000],
        [ 1.0000,  0.0000, 26.0000, 34.0000],
        [ 0.0000,  0.0000, 34.0000, 54.0000],
        [ 0.0000,  0.0000, 54.0000, 68.5000],
        [ 1.0000,  2.0000,  0.0000, 14.0000],
        [ 1.0000,  2.0000, 14.0000, 28.0000]])

--- machines_batch[0] update (cols: [avail,end_time,total_proc,job]) ---
  [  machines_batch[0]]  shape=(3, 4)  dtype=torch.float32
tensor([[ 0., 34., 34.,  1.],
        [ 0., 45., 19.,  0.],
        [ 0., 28., 28.,  2.]])

--- feat_mas_batch[0] after update ---
  [  feat_mas_batch[0, 0, :] (ops_assignable)]  shape=(3,)  dtype=torch.float32
tensor([5., 2., 3.])
  [  feat_mas_batch[0, 1, :] (earliest_end_time)]  shape=(3,)  dtype=torch.float32
tensor([34., 45., 28.])
  [  feat_mas_batch[0, 2, :] (utilization)]  shape=(3,)  dtype=torch.float32
tensor([1.0000, 0.7308, 1.0000])

--- mask & ope_step after step ---
  [  ope_step_batch[0]]  shape=(3,)  dtype=torch.int64
tensor([3, 4, 8])
  [  mask_job_procing_batch[0]]  shape=(3,)  dtype=torch.bool
tensor([True, True, True])
  [  mask_ma_procing_batch[0]]  shape=(3,)  dtype=torch.bool
tensor([True, True, True])
  [  mask_job_finish_batch[0]]  shape=(3,)  dtype=torch.bool
tensor([ True, False,  True])
  [  done_batch]  shape=(4,)  dtype=torch.bool
tensor([False, False,  True,  True])
  done (all) = False

--- reward ---
  [  makespan_batch (new max)]  shape=(4,)  dtype=torch.float32
tensor([68.5000, 68.5000, 59.0000, 59.0000])
  [  reward_batch (old_makespan - new_makespan)]  shape=(4,)  dtype=torch.float32
tensor([0., 0., 0., 0.])

--- [time advance] if_no_eligible triggered ---
  [  flag_trans_2_next_time (before)]  shape=(4,)  dtype=torch.float64
tensor([0., 0., 0., 0.], dtype=torch.float64)
  [  time after next_time()]  shape=(4,)  dtype=torch.float32
tensor([28., 28., 52., 52.])
  [  mask_job_procing_batch[0] after next_time]  shape=(3,)  dtype=torch.bool
tensor([ True,  True, False])
  [  mask_ma_procing_batch[0]  after next_time]  shape=(3,)  dtype=torch.bool
tensor([ True,  True, False])

--- [time advance] if_no_eligible triggered ---
  [  flag_trans_2_next_time (before)]  shape=(4,)  dtype=torch.float64
tensor([0., 0., 0., 0.], dtype=torch.float64)
  [  time after next_time()]  shape=(4,)  dtype=torch.float32
tensor([34., 34., 52., 52.])
  [  mask_job_procing_batch[0] after next_time]  shape=(3,)  dtype=torch.bool
tensor([ True, False, False])
  [  mask_ma_procing_batch[0]  after next_time]  shape=(3,)  dtype=torch.bool
tensor([False,  True, False])
  [  flag_trans_2_next_time (final)]  shape=(4,)  dtype=torch.float64
tensor([20., 20.,  0.,  0.], dtype=torch.float64)

--- batch_idxes after removing finished instances ---
  [  mask_finish]  shape=(4,)  dtype=torch.bool
tensor([ True,  True, False, False])
  [  batch_idxes (remaining)]  shape=(2,)  dtype=torch.int64
tensor([0, 1])

======================================================================
  env.step #6 END  (done=False)
======================================================================

======================================================================
  env.step  [step #7]
======================================================================
  self.time = [34.0, 34.0, 52.0, 52.0]
  [  actions[0] opes]  shape=(2,)  dtype=torch.int64
tensor([4, 1])
  [  actions[1] mas ]  shape=(2,)  dtype=torch.int64
tensor([0, 0])
  [  actions[2] jobs]  shape=(2,)  dtype=torch.int64
tensor([1, 0])
  [  N (after +1)]  shape=(4,)  dtype=torch.int32
tensor([7, 7, 7, 7], dtype=torch.int32)
  [  batch_idxes (active)]  shape=(2,)  dtype=torch.int64
tensor([0, 1])

--- ope_ma_adj update ---
  [  remain_ope_ma_adj (rows=batch, cols=mas)]  shape=(4, 3)  dtype=torch.int64
tensor([[1, 0, 0],
        [1, 0, 0],
        [0, 0, 0],
        [0, 0, 0]])
  [  ope_ma_adj_batch[0] after update]  shape=(8, 3)  dtype=torch.int64
tensor([[1, 0, 0],
        [1, 0, 0],
        [0, 1, 0],
        [1, 0, 0],
        [1, 0, 0],
        [1, 0, 1],
        [0, 0, 1],
        [0, 0, 1]])
  [  proc_times_batch[0] after masking]  shape=(8, 3)  dtype=torch.float32
tensor([[13.,  0.,  0.],
        [13.,  0.,  0.],
        [ 0., 19.,  0.],
        [ 8.,  0.,  0.],
        [20.,  0.,  0.],
        [15.,  0., 14.],
        [ 0.,  0., 14.],
        [ 0.,  0., 14.]])

--- proc_times for selected (ope, ma) ---
  [  proc_times (per active instance)]  shape=(2,)  dtype=torch.float32
tensor([20., 20.])

--- feat_opes[:, 0:3, opes] after scheduling ---
  [  feat_opes_batch[0, 0, :] (status)]  shape=(8,)  dtype=torch.float32
tensor([1., 1., 1., 1., 1., 0., 1., 1.])
  [  feat_opes_batch[0, 1, :] (num_elig_mas)]  shape=(8,)  dtype=torch.float32
tensor([1., 1., 1., 1., 1., 2., 1., 1.])
  [  feat_opes_batch[0, 2, :] (proc_time)]  shape=(8,)  dtype=torch.float32
tensor([13.0000, 13.0000, 19.0000,  8.0000, 20.0000, 14.5000, 14.0000, 14.0000])

--- cal_cumul_adj after zeroing last_opes row ---
  [  last_opes (index whose row was zeroed)]  shape=(2,)  dtype=torch.int64
tensor([3, 0])
  [  cal_cumul_adj_batch[0]]  shape=(8, 8)  dtype=torch.float32
tensor([[0., 0., 0., 0., 0., 0., 0., 0.],
        [0., 0., 0., 0., 0., 0., 0., 0.],
        [0., 0., 0., 0., 0., 0., 0., 0.],
        [0., 0., 0., 0., 0., 0., 0., 0.],
        [0., 0., 0., 0., 0., 1., 0., 0.],
        [0., 0., 0., 0., 0., 0., 0., 0.],
        [0., 0., 0., 0., 0., 0., 0., 0.],
        [0., 0., 0., 0., 0., 0., 0., 0.]])

--- feat_opes[:,3,:] (unscheduled ops) after -1 ---
  [  start_ope (per active instance)]  shape=(2,)  dtype=torch.int64
tensor([3, 0])
  [  end_ope   (per active instance)]  shape=(2,)  dtype=torch.int64
tensor([5, 2])
  [  feat_opes_batch[0, 3, :] (unscheduled_ops)]  shape=(8,)  dtype=torch.float32
tensor([0., 0., 0., 1., 1., 1., 0., 0.])

--- job_remaining_work update ---
  [  job_remaining_work_batch[0] (after subtraction)]  shape=(3,)  dtype=torch.float32
tensor([ 0.0000, 14.0000,  5.1667])
  [  feat_opes_batch[0, 6, :] (remaining work per op)]  shape=(8,)  dtype=torch.float32
tensor([ 0.0000,  0.0000,  0.0000, 14.0000, 14.0000, 14.0000,  5.1667,  5.1667])

--- feat_opes[:,7,:] job_progress after update ---
  [  feat_opes_batch[0, 7, :] (job_progress)]  shape=(8,)  dtype=torch.float32
tensor([1.0000, 1.0000, 1.0000, 0.6667, 0.6667, 0.6667, 1.0000, 1.0000])

--- start_time estimation ---
  time (current global time per instance): [34.0, 34.0, 52.0, 52.0]
  [  is_scheduled (feat0)]  shape=(8,)  dtype=torch.float32
tensor([1., 1., 1., 1., 1., 0., 1., 1.])
  [  start_times[0]]  shape=(8,)  dtype=torch.float32
tensor([ 0., 13., 26., 26., 34.,  0.,  0., 14.])
  [  un_scheduled[0]]  shape=(8,)  dtype=torch.float32
tensor([0., 0., 0., 0., 0., 1., 0., 0.])
  [  estimate_times[0]]  shape=(8,)  dtype=torch.float32
tensor([ 0.,  0.,  0.,  0.,  0., 54.,  0.,  0.])
  [  feat_opes_batch[0, 5, :] (start_time after)]  shape=(8,)  dtype=torch.float32
tensor([ 0., 13., 26., 26., 34., 54.,  0., 14.])

--- job end time estimate ---
  [  end_time_batch (at end_ope per job)]  shape=(2, 3)  dtype=torch.float32
tensor([[45.0000, 68.5000, 28.0000],
        [68.5000, 28.0000, 45.0000]])
  [  feat_opes_batch[0, 4, :] (job_end_time broadcast to ops)]  shape=(8,)  dtype=torch.float32
tensor([45.0000, 45.0000, 45.0000, 68.5000, 68.5000, 68.5000, 28.0000, 28.0000])

--- schedules_batch[0] update (cols: [assigned,ma,start,end]) ---
  [  schedules_batch[0]]  shape=(8, 4)  dtype=torch.float32
tensor([[ 1.0000,  0.0000,  0.0000, 13.0000],
        [ 1.0000,  0.0000, 13.0000, 26.0000],
        [ 1.0000,  1.0000, 26.0000, 45.0000],
        [ 1.0000,  0.0000, 26.0000, 34.0000],
        [ 1.0000,  0.0000, 34.0000, 54.0000],
        [ 0.0000,  0.0000, 54.0000, 68.5000],
        [ 1.0000,  2.0000,  0.0000, 14.0000],
        [ 1.0000,  2.0000, 14.0000, 28.0000]])

--- machines_batch[0] update (cols: [avail,end_time,total_proc,job]) ---
  [  machines_batch[0]]  shape=(3, 4)  dtype=torch.float32
tensor([[ 0., 54., 54.,  1.],
        [ 0., 45., 19.,  0.],
        [ 1., 28., 28.,  2.]])

--- feat_mas_batch[0] after update ---
  [  feat_mas_batch[0, 0, :] (ops_assignable)]  shape=(3,)  dtype=torch.float32
tensor([5., 1., 3.])
  [  feat_mas_batch[0, 1, :] (earliest_end_time)]  shape=(3,)  dtype=torch.float32
tensor([54., 45., 28.])
  [  feat_mas_batch[0, 2, :] (utilization)]  shape=(3,)  dtype=torch.float32
tensor([1.0000, 0.5588, 0.8235])

--- mask & ope_step after step ---
  [  ope_step_batch[0]]  shape=(3,)  dtype=torch.int64
tensor([3, 5, 8])
  [  mask_job_procing_batch[0]]  shape=(3,)  dtype=torch.bool
tensor([ True,  True, False])
  [  mask_ma_procing_batch[0]]  shape=(3,)  dtype=torch.bool
tensor([ True,  True, False])
  [  mask_job_finish_batch[0]]  shape=(3,)  dtype=torch.bool
tensor([ True, False,  True])
  [  done_batch]  shape=(4,)  dtype=torch.bool
tensor([False, False,  True,  True])
  done (all) = False

--- reward ---
  [  makespan_batch (new max)]  shape=(4,)  dtype=torch.float32
tensor([68.5000, 68.5000, 59.0000, 59.0000])
  [  reward_batch (old_makespan - new_makespan)]  shape=(4,)  dtype=torch.float32
tensor([0., 0., 0., 0.])

--- [time advance] if_no_eligible triggered ---
  [  flag_trans_2_next_time (before)]  shape=(4,)  dtype=torch.float64
tensor([0., 0., 0., 0.], dtype=torch.float64)
  [  time after next_time()]  shape=(4,)  dtype=torch.float32
tensor([45., 45., 52., 52.])
  [  mask_job_procing_batch[0] after next_time]  shape=(3,)  dtype=torch.bool
tensor([False,  True, False])
  [  mask_ma_procing_batch[0]  after next_time]  shape=(3,)  dtype=torch.bool
tensor([ True, False, False])

--- [time advance] if_no_eligible triggered ---
  [  flag_trans_2_next_time (before)]  shape=(4,)  dtype=torch.float64
tensor([0., 0., 0., 0.], dtype=torch.float64)
  [  time after next_time()]  shape=(4,)  dtype=torch.float32
tensor([54., 54., 52., 52.])
  [  mask_job_procing_batch[0] after next_time]  shape=(3,)  dtype=torch.bool
tensor([False, False, False])
  [  mask_ma_procing_batch[0]  after next_time]  shape=(3,)  dtype=torch.bool
tensor([False, False, False])
  [  flag_trans_2_next_time (final)]  shape=(4,)  dtype=torch.float64
tensor([29., 29.,  0.,  0.], dtype=torch.float64)

--- batch_idxes after removing finished instances ---
  [  mask_finish]  shape=(4,)  dtype=torch.bool
tensor([ True,  True, False, False])
  [  batch_idxes (remaining)]  shape=(2,)  dtype=torch.int64
tensor([0, 1])

======================================================================
  env.step #7 END  (done=False)
======================================================================

======================================================================
  env.step  [step #8]
======================================================================
  self.time = [54.0, 54.0, 52.0, 52.0]
  [  actions[0] opes]  shape=(2,)  dtype=torch.int64
tensor([5, 2])
  [  actions[1] mas ]  shape=(2,)  dtype=torch.int64
tensor([0, 0])
  [  actions[2] jobs]  shape=(2,)  dtype=torch.int64
tensor([1, 0])
  [  N (after +1)]  shape=(4,)  dtype=torch.int32
tensor([8, 8, 8, 8], dtype=torch.int32)
  [  batch_idxes (active)]  shape=(2,)  dtype=torch.int64
tensor([0, 1])

--- ope_ma_adj update ---
  [  remain_ope_ma_adj (rows=batch, cols=mas)]  shape=(4, 3)  dtype=torch.int64
tensor([[1, 0, 0],
        [1, 0, 0],
        [0, 0, 0],
        [0, 0, 0]])
  [  ope_ma_adj_batch[0] after update]  shape=(8, 3)  dtype=torch.int64
tensor([[1, 0, 0],
        [1, 0, 0],
        [0, 1, 0],
        [1, 0, 0],
        [1, 0, 0],
        [1, 0, 0],
        [0, 0, 1],
        [0, 0, 1]])
  [  proc_times_batch[0] after masking]  shape=(8, 3)  dtype=torch.float32
tensor([[13.,  0.,  0.],
        [13.,  0.,  0.],
        [ 0., 19.,  0.],
        [ 8.,  0.,  0.],
        [20.,  0.,  0.],
        [15.,  0.,  0.],
        [ 0.,  0., 14.],
        [ 0.,  0., 14.]])

--- proc_times for selected (ope, ma) ---
  [  proc_times (per active instance)]  shape=(2,)  dtype=torch.float32
tensor([15., 15.])

--- feat_opes[:, 0:3, opes] after scheduling ---
  [  feat_opes_batch[0, 0, :] (status)]  shape=(8,)  dtype=torch.float32
tensor([1., 1., 1., 1., 1., 1., 1., 1.])
  [  feat_opes_batch[0, 1, :] (num_elig_mas)]  shape=(8,)  dtype=torch.float32
tensor([1., 1., 1., 1., 1., 1., 1., 1.])
  [  feat_opes_batch[0, 2, :] (proc_time)]  shape=(8,)  dtype=torch.float32
tensor([13., 13., 19.,  8., 20., 15., 14., 14.])

--- cal_cumul_adj after zeroing last_opes row ---
  [  last_opes (index whose row was zeroed)]  shape=(2,)  dtype=torch.int64
tensor([4, 1])
  [  cal_cumul_adj_batch[0]]  shape=(8, 8)  dtype=torch.float32
tensor([[0., 0., 0., 0., 0., 0., 0., 0.],
        [0., 0., 0., 0., 0., 0., 0., 0.],
        [0., 0., 0., 0., 0., 0., 0., 0.],
        [0., 0., 0., 0., 0., 0., 0., 0.],
        [0., 0., 0., 0., 0., 0., 0., 0.],
        [0., 0., 0., 0., 0., 0., 0., 0.],
        [0., 0., 0., 0., 0., 0., 0., 0.],
        [0., 0., 0., 0., 0., 0., 0., 0.]])

--- feat_opes[:,3,:] (unscheduled ops) after -1 ---
  [  start_ope (per active instance)]  shape=(2,)  dtype=torch.int64
tensor([3, 0])
  [  end_ope   (per active instance)]  shape=(2,)  dtype=torch.int64
tensor([5, 2])
  [  feat_opes_batch[0, 3, :] (unscheduled_ops)]  shape=(8,)  dtype=torch.float32
tensor([0., 0., 0., 0., 0., 0., 0., 0.])

--- job_remaining_work update ---
  [  job_remaining_work_batch[0] (after subtraction)]  shape=(3,)  dtype=torch.float32
tensor([0.0000, 0.0000, 5.1667])
  [  feat_opes_batch[0, 6, :] (remaining work per op)]  shape=(8,)  dtype=torch.float32
tensor([0.0000, 0.0000, 0.0000, 0.0000, 0.0000, 0.0000, 5.1667, 5.1667])

--- feat_opes[:,7,:] job_progress after update ---
  [  feat_opes_batch[0, 7, :] (job_progress)]  shape=(8,)  dtype=torch.float32
tensor([1., 1., 1., 1., 1., 1., 1., 1.])

--- start_time estimation ---
  time (current global time per instance): [54.0, 54.0, 52.0, 52.0]
  [  is_scheduled (feat0)]  shape=(8,)  dtype=torch.float32
tensor([1., 1., 1., 1., 1., 1., 1., 1.])
  [  start_times[0]]  shape=(8,)  dtype=torch.float32
tensor([ 0., 13., 26., 26., 34., 54.,  0., 14.])
  [  un_scheduled[0]]  shape=(8,)  dtype=torch.float32
tensor([0., 0., 0., 0., 0., 0., 0., 0.])
  [  estimate_times[0]]  shape=(8,)  dtype=torch.float32
tensor([0., 0., 0., 0., 0., 0., 0., 0.])
  [  feat_opes_batch[0, 5, :] (start_time after)]  shape=(8,)  dtype=torch.float32
tensor([ 0., 13., 26., 26., 34., 54.,  0., 14.])

--- job end time estimate ---
  [  end_time_batch (at end_ope per job)]  shape=(2, 3)  dtype=torch.float32
tensor([[45., 69., 28.],
        [69., 28., 45.]])
  [  feat_opes_batch[0, 4, :] (job_end_time broadcast to ops)]  shape=(8,)  dtype=torch.float32
tensor([45., 45., 45., 69., 69., 69., 28., 28.])

--- schedules_batch[0] update (cols: [assigned,ma,start,end]) ---
  [  schedules_batch[0]]  shape=(8, 4)  dtype=torch.float32
tensor([[ 1.,  0.,  0., 13.],
        [ 1.,  0., 13., 26.],
        [ 1.,  1., 26., 45.],
        [ 1.,  0., 26., 34.],
        [ 1.,  0., 34., 54.],
        [ 1.,  0., 54., 69.],
        [ 1.,  2.,  0., 14.],
        [ 1.,  2., 14., 28.]])

--- machines_batch[0] update (cols: [avail,end_time,total_proc,job]) ---
  [  machines_batch[0]]  shape=(3, 4)  dtype=torch.float32
tensor([[ 0., 69., 69.,  1.],
        [ 1., 45., 19.,  0.],
        [ 1., 28., 28.,  2.]])

--- feat_mas_batch[0] after update ---
  [  feat_mas_batch[0, 0, :] (ops_assignable)]  shape=(3,)  dtype=torch.float32
tensor([5., 1., 2.])
  [  feat_mas_batch[0, 1, :] (earliest_end_time)]  shape=(3,)  dtype=torch.float32
tensor([69., 45., 28.])
  [  feat_mas_batch[0, 2, :] (utilization)]  shape=(3,)  dtype=torch.float32
tensor([1.0000, 0.3519, 0.5185])

--- mask & ope_step after step ---
  [  ope_step_batch[0]]  shape=(3,)  dtype=torch.int64
tensor([3, 6, 8])
  [  mask_job_procing_batch[0]]  shape=(3,)  dtype=torch.bool
tensor([False,  True, False])
  [  mask_ma_procing_batch[0]]  shape=(3,)  dtype=torch.bool
tensor([ True, False, False])
  [  mask_job_finish_batch[0]]  shape=(3,)  dtype=torch.bool
tensor([True, True, True])
  [  done_batch]  shape=(4,)  dtype=torch.bool
tensor([True, True, True, True])
  done (all) = True

--- reward ---
  [  makespan_batch (new max)]  shape=(4,)  dtype=torch.float32
tensor([69., 69., 59., 59.])
  [  reward_batch (old_makespan - new_makespan)]  shape=(4,)  dtype=torch.float32
tensor([-0.5000, -0.5000,  0.0000,  0.0000])
  [  flag_trans_2_next_time (final)]  shape=(4,)  dtype=torch.float64
tensor([0., 0., 0., 0.], dtype=torch.float64)

--- batch_idxes after removing finished instances ---
  [  mask_finish]  shape=(4,)  dtype=torch.bool
tensor([False, False, False, False])
  [  batch_idxes (remaining)]  shape=(0,)  dtype=torch.int64
tensor([], dtype=torch.int64)

======================================================================
  env.step #8 END  (done=True)
======================================================================

★★★★★★★★★★★★★★★★★★★★★★★★★★★★★★★★★★★★★★★★★★★★★★★★★★★★★★★★★★★★★★★★★★★★★★
  ★  ROUND 1 (first episode) COMPLETE  ★
  ★  Total steps logged: 8
  [  Final makespan_batch]  shape=(4,)  dtype=torch.float32
tensor([69., 69., 59., 59.])
★★★★★★★★★★★★★★★★★★★★★★★★★★★★★★★★★★★★★★★★★★★★★★★★★★★★★★★★★★★★★★★★★★★★★★
hape=(3, 2)  dtype=torch.int64
tensor([[5, 2],
        [0, 0],
        [1, 0]])

======================================================================
  PPO.update — FIRST CALL (full log)
======================================================================
  pomo_size=2  K_epochs=3  minibatch_size=512
  num_envs=4
  [  old_ope_ma_adj  shape]  shape=(3,)  dtype=torch.int64
tensor([28,  8,  3])
  [  old_raw_opes    shape]  shape=(3,)  dtype=torch.int64
tensor([28,  8,  8])
  [  old_logprobs    shape]  shape=(1,)  dtype=torch.int64
tensor([28])
  [  old_action_envs shape]  shape=(1,)  dtype=torch.int64
tensor([28])
  [  memory_rewards  shape (envs × timesteps)]  shape=(2,)  dtype=torch.int64
tensor([4, 8])
  [  memory_rewards (full)]  shape=(4, 8)  dtype=torch.float32
tensor([[  0.0000,   0.0000,  -1.5000,   0.0000, -25.0000,   0.0000,   0.0000,  -0.5000],
        [  0.0000,   0.0000,  -1.5000,   0.0000, -25.0000,   0.0000,   0.0000,  -0.5000],
        [ -1.0000,   0.0000,   0.0000,   0.0000, -24.0000,   0.0000,   0.0000,   0.0000],
        [ -1.0000,   0.0000,   0.0000,   0.0000, -24.0000,   0.0000,   0.0000,   0.0000]])
  [  memory_is_terminals (full)]  shape=(4, 8)  dtype=torch.bool
tensor([[False, False, False, False, False, False, False,  True],
        [False, False, False, False, False, False, False,  True],
        [False, False, False, False, False,  True,  True,  True],
        [False, False, False, False, False,  True,  True,  True]])

--- Discounted returns ---
  [  returns_batch_time  shape (envs × timesteps)]  shape=(2,)  dtype=torch.int64
tensor([4, 8])
  [  returns_batch_time (full)]  shape=(4, 8)  dtype=torch.float64
tensor([[-27.0000, -27.0000, -27.0000, -25.5000, -25.5000,  -0.5000,  -0.5000,  -0.5000],
        [-27.0000, -27.0000, -27.0000, -25.5000, -25.5000,  -0.5000,  -0.5000,  -0.5000],
        [-25.0000, -24.0000, -24.0000, -24.0000, -24.0000,   0.0000,   0.0000,   0.0000],
        [-25.0000, -24.0000, -24.0000, -24.0000, -24.0000,   0.0000,   0.0000,   0.0000]], dtype=torch.float64)

--- Normalised returns ---
  [  norm_returns (full)]  shape=(4, 8)  dtype=torch.float64
tensor([[-0.7955, -0.7955, -0.7955, -0.6798, -0.6798,  1.2487,  1.2487,  1.2487],
        [-0.7955, -0.7955, -0.7955, -0.6798, -0.6798,  1.2487,  1.2487,  1.2487],
        [-0.8158, -0.7332, -0.7332, -0.7332, -0.7332,  1.2495,  1.2495,  1.2495],
        [-0.8158, -0.7332, -0.7332, -0.7332, -0.7332,  1.2495,  1.2495,  1.2495]], dtype=torch.float64)
  [  rewards_envs (flat, aligned with transitions)]  shape=(28,)  dtype=torch.float64
tensor([-0.7955, -0.7955, -0.8158, -0.8158, -0.7955, -0.7955, -0.7332, -0.7332, -0.7955, -0.7955, -0.7332, -0.7332, -0.6798, -0.6798, -0.7332, -0.7332, -0.6798, -0.6798, -0.7332, -0.7332,  1.2487,
         1.2487,  1.2495,  1.2495,  1.2487,  1.2487,  1.2487,  1.2487], dtype=torch.float64)

--- POMO advantages ---
  [  baseline  shape (envs × timesteps)]  shape=(2,)  dtype=torch.int64
tensor([4, 8])
  [  adv_matrix (full)]  shape=(4, 8)  dtype=torch.float64
tensor([[0., 0., 0., 0., 0., 0., 0., 0.],
        [0., 0., 0., 0., 0., 0., 0., 0.],
        [0., 0., 0., 0., 0., 0., 0., 0.],
        [0., 0., 0., 0., 0., 0., 0., 0.]], dtype=torch.float64)
  [  all_advantages (flat)]  shape=(28,)  dtype=torch.float64
tensor([0., 0., 0., 0., 0., 0., 0., 0., 0., 0., 0., 0., 0., 0., 0., 0., 0., 0., 0., 0., 0., 0., 0., 0., 0., 0., 0., 0.], dtype=torch.float64)
  adv |mean|=0.000000  std=0.000000  frac_zero=1.0000

======================================================================
  PPO update — K_epochs × minibatch loop
======================================================================
  full_batch_size=28  num_complete_minibatches=0

  [epoch=0  mb=0  slice=0:28]
  [    old_logprobs slice]  shape=(28,)  dtype=torch.float32
tensor([    -1.6580,     -1.6580,     -1.1944,     -1.2000,     -0.6922,     -0.6922,     -0.0000,     -0.0000,     -0.8086,     -0.8086,     -0.0000,     -0.0000,     -0.8545,     -0.8545,
            -0.6810,     -0.6802,     -0.2321,     -0.2321,     -0.0000,     -0.0000,     -0.0000,     -0.0000,     -0.3683,     -0.3682,     -0.0000,     -0.0000,     -0.2020,     -0.2020])
  [    logprobs (new policy)]  shape=(28,)  dtype=torch.float32
tensor([    -1.6580,     -1.6580,     -1.1944,     -1.2000,     -0.6922,     -0.6922,     -0.0000,     -0.0000,     -0.8086,     -0.8086,     -0.0000,     -0.0000,     -0.8545,     -0.8545,
            -0.6810,     -0.6802,     -0.2321,     -0.2321,     -0.0000,     -0.0000,     -0.0000,     -0.0000,     -0.3683,     -0.3682,     -0.0000,     -0.0000,     -0.2020,     -0.2020],
       grad_fn=<SqueezeBackward1>)
  [    state_values]  shape=(28,)  dtype=torch.float64
tensor([0.0391, 0.0391, 0.0657, 0.0587, 0.0264, 0.0264, 0.0494, 0.0398, 0.0290, 0.0290, 0.0482, 0.0362, 0.0299, 0.0299, 0.0424, 0.0355, 0.0396, 0.0396, 0.0466, 0.0344, 0.0560, 0.0560, 0.0719, 0.0739,
        0.0446, 0.0446, 0.0466, 0.0466], dtype=torch.float64, grad_fn=<ToCopyBackward0>)
  [    rewards_envs slice (normalised returns)]  shape=(28,)  dtype=torch.float64
tensor([-0.7955, -0.7955, -0.8158, -0.8158, -0.7955, -0.7955, -0.7332, -0.7332, -0.7955, -0.7955, -0.7332, -0.7332, -0.6798, -0.6798, -0.7332, -0.7332, -0.6798, -0.6798, -0.7332, -0.7332,  1.2487,
         1.2487,  1.2495,  1.2495,  1.2487,  1.2487,  1.2487,  1.2487], dtype=torch.float64)
  [    advantages]  shape=(28,)  dtype=torch.float64
tensor([0., 0., 0., 0., 0., 0., 0., 0., 0., 0., 0., 0., 0., 0., 0., 0., 0., 0., 0., 0., 0., 0., 0., 0., 0., 0., 0., 0.], dtype=torch.float64)
  [    ratios (new/old)]  shape=(28,)  dtype=torch.float32
tensor([1.0000, 1.0000, 1.0000, 1.0000, 1.0000, 1.0000, 1.0000, 1.0000, 1.0000, 1.0000, 1.0000, 1.0000, 1.0000, 1.0000, 1.0000, 1.0000, 1.0000, 1.0000, 1.0000, 1.0000, 1.0000, 1.0000, 1.0000, 1.0000,
        1.0000, 1.0000, 1.0000, 1.0000], grad_fn=<ExpBackward0>)
  [    surr1]  shape=(28,)  dtype=torch.float64
tensor([0., 0., 0., 0., 0., 0., 0., 0., 0., 0., 0., 0., 0., 0., 0., 0., 0., 0., 0., 0., 0., 0., 0., 0., 0., 0., 0., 0.], dtype=torch.float64, grad_fn=<MulBackward0>)
  [    surr2]  shape=(28,)  dtype=torch.float64
tensor([0., 0., 0., 0., 0., 0., 0., 0., 0., 0., 0., 0., 0., 0., 0., 0., 0., 0., 0., 0., 0., 0., 0., 0., 0., 0., 0., 0.], dtype=torch.float64, grad_fn=<MulBackward0>)
  [    ppo_loss (per transition)]  shape=(28,)  dtype=torch.float64
tensor([0.4089, 0.4089, 0.4131, 0.4130, 0.4197, 0.4197, 0.4267, 0.4267, 0.4168, 0.4168, 0.4267, 0.4267, 0.4164, 0.4164, 0.4197, 0.4197, 0.4216, 0.4216, 0.4267, 0.4267, 0.4267, 0.4267, 0.4184, 0.4184,
        0.4267, 0.4267, 0.4219, 0.4219], dtype=torch.float64, grad_fn=<SubBackward0>)
  [    dist_entropy]  shape=(28,)  dtype=torch.float32
tensor([    1.7782,     1.7782,     1.3627,     1.3640,     0.6931,     0.6931,     0.0000,     0.0000,     0.9834,     0.9834,     0.0000,     0.0000,     1.0275,     1.0275,     0.6931,     0.6931,
            0.5101,     0.5101,     0.0000,     0.0000,     0.0000,     0.0000,     0.8305,     0.8305,     0.0000,     0.0000,     0.4758,     0.4758], grad_fn=<NegBackward0>)
    loss_ppo (scalar) = 0.42071050

  [Interpreter  epoch=0  mb=0]
  [    h_for_interpreter shape]  shape=(4,)  dtype=torch.int64
tensor([28,  3,  3, 32])
  [    batch_real shape]  shape=(4,)  dtype=torch.int64
tensor([28,  3,  3, 11])
  [    current_pred_raw shape]  shape=(4,)  dtype=torch.int64
tensor([28,  3,  3, 11])
    interp_loss = 0.82677221
  [    batch_real[0]  (raw features target)]  shape=(3, 3, 11)  dtype=torch.float32
tensor([[[ 0.0000, -0.5401, -0.5671,  0.5401,  0.2293, -0.9945,  0.2293,  0.0000,  0.0000,  0.0000,  0.0000],
         [ 0.0000, -0.5401, -0.5671,  0.5401,  0.2293, -0.9945,  0.2293,  0.0000, -1.0000,  0.0000,  0.0000],
         [ 0.0000, -0.5401, -0.5671,  0.5401,  0.2293, -0.9945,  0.2293,  0.0000,  1.0000,  0.0000,  0.0000]],

        [[ 0.0000, -0.5401, -1.6417,  0.5401,  0.8109, -0.9945,  0.8109,  0.0000,  0.0000,  0.0000,  0.0000],
         [ 0.0000, -0.5401, -1.6417,  0.5401,  0.8109, -0.9945,  0.8109,  0.0000, -1.0000,  0.0000,  0.0000],
         [ 0.0000, -0.5401, -1.6417,  0.5401,  0.8109, -0.9945,  0.8109,  0.0000,  1.0000,  0.0000,  0.0000]],

        [[ 0.0000, -0.5401,  0.2686, -1.6202, -1.5603, -0.9945, -1.5603,  0.0000,  0.0000,  0.0000,  0.0000],
         [ 0.0000, -0.5401,  0.2686, -1.6202, -1.5603, -0.9945, -1.5603,  0.0000, -1.0000,  0.0000,  0.0000],
         [ 0.0000, -0.5401,  0.2686, -1.6202, -1.5603, -0.9945, -1.5603,  0.0000,  1.0000,  0.0000,  0.0000]]])
  [    current_pred_raw[0]  (model prediction)]  shape=(3, 3, 11)  dtype=torch.float32
tensor([[[     0.0671,      0.2170,      0.1124,      0.2115,      0.3257,      0.1127,     -0.1654,      0.3073,      0.0664,     -0.2203,      0.1328],
         [     0.0630,      0.2709,      0.1412,      0.2678,      0.2363,      0.0971,     -0.1593,      0.3200,     -0.0892,     -0.1971,     -0.0002],
         [     0.0849,      0.1800,      0.0972,      0.1892,      0.3984,      0.1290,     -0.1808,      0.2885,      0.1528,     -0.2600,      0.2135]],

        [[     0.0681,      0.2169,      0.1126,      0.2119,      0.3251,      0.1127,     -0.1653,      0.3069,      0.0665,     -0.2208,      0.1321],
         [     0.0640,      0.2709,      0.1415,      0.2683,      0.2358,      0.0971,     -0.1592,      0.3197,     -0.0890,     -0.1977,     -0.0009],
         [     0.0858,      0.1799,      0.0975,      0.1895,      0.3977,      0.1291,     -0.1807,      0.2882,      0.1530,     -0.2605,      0.2128]],

        [[     0.0640,      0.2188,      0.1146,      0.2124,      0.3270,      0.1140,     -0.1658,      0.3100,      0.0654,     -0.2189,      0.1332],
         [     0.0598,      0.2725,      0.1435,      0.2686,      0.2375,      0.0984,     -0.1597,      0.3228,     -0.0903,     -0.1955,      0.0002],
         [     0.0818,      0.1821,      0.0994,      0.1901,      0.3998,      0.1303,     -0.1811,      0.2913,      0.1519,     -0.2586,      0.2139]]], grad_fn=<SelectBackward0>)

  [epoch=1  mb=0  slice=0:28]
  [    old_logprobs slice]  shape=(28,)  dtype=torch.float32
tensor([    -1.6580,     -1.6580,     -1.1944,     -1.2000,     -0.6922,     -0.6922,     -0.0000,     -0.0000,     -0.8086,     -0.8086,     -0.0000,     -0.0000,     -0.8545,     -0.8545,
            -0.6810,     -0.6802,     -0.2321,     -0.2321,     -0.0000,     -0.0000,     -0.0000,     -0.0000,     -0.3683,     -0.3682,     -0.0000,     -0.0000,     -0.2020,     -0.2020])
  [    logprobs (new policy)]  shape=(28,)  dtype=torch.float32
tensor([    -1.7094,     -1.7094,     -1.2524,     -1.2597,     -0.6923,     -0.6923,     -0.0000,     -0.0000,     -0.8867,     -0.8867,     -0.0000,     -0.0000,     -0.9262,     -0.9262,
            -0.6812,     -0.6802,     -0.3633,     -0.3633,     -0.0000,     -0.0000,     -0.0000,     -0.0000,     -0.5160,     -0.5133,     -0.0000,     -0.0000,     -0.3078,     -0.3078],
       grad_fn=<SqueezeBackward1>)
  [    state_values]  shape=(28,)  dtype=torch.float64
tensor([     0.0002,      0.0002,      0.0294,      0.0223,     -0.0121,     -0.0121,      0.0132,      0.0038,     -0.0092,     -0.0092,      0.0121,      0.0002,     -0.0082,     -0.0082,
             0.0068,      0.0000,      0.0015,      0.0015,      0.0107,     -0.0013,      0.0187,      0.0187,      0.0374,      0.0395,      0.0083,      0.0083,      0.0103,      0.0103],
       dtype=torch.float64, grad_fn=<ToCopyBackward0>)
  [    rewards_envs slice (normalised returns)]  shape=(28,)  dtype=torch.float64
tensor([-0.7955, -0.7955, -0.8158, -0.8158, -0.7955, -0.7955, -0.7332, -0.7332, -0.7955, -0.7955, -0.7332, -0.7332, -0.6798, -0.6798, -0.7332, -0.7332, -0.6798, -0.6798, -0.7332, -0.7332,  1.2487,
         1.2487,  1.2495,  1.2495,  1.2487,  1.2487,  1.2487,  1.2487], dtype=torch.float64)
  [    advantages]  shape=(28,)  dtype=torch.float64
tensor([0., 0., 0., 0., 0., 0., 0., 0., 0., 0., 0., 0., 0., 0., 0., 0., 0., 0., 0., 0., 0., 0., 0., 0., 0., 0., 0., 0.], dtype=torch.float64)
  [    ratios (new/old)]  shape=(28,)  dtype=torch.float32
tensor([0.9499, 0.9499, 0.9437, 0.9420, 1.0000, 1.0000, 1.0000, 1.0000, 0.9249, 0.9249, 1.0000, 1.0000, 0.9308, 0.9308, 0.9998, 1.0000, 0.8770, 0.8770, 1.0000, 1.0000, 1.0000, 1.0000, 0.8626, 0.8649,
        1.0000, 1.0000, 0.8996, 0.8996], grad_fn=<ExpBackward0>)
  [    surr1]  shape=(28,)  dtype=torch.float64
tensor([0., 0., 0., 0., 0., 0., 0., 0., 0., 0., 0., 0., 0., 0., 0., 0., 0., 0., 0., 0., 0., 0., 0., 0., 0., 0., 0., 0.], dtype=torch.float64, grad_fn=<MulBackward0>)
  [    surr2]  shape=(28,)  dtype=torch.float64
tensor([0., 0., 0., 0., 0., 0., 0., 0., 0., 0., 0., 0., 0., 0., 0., 0., 0., 0., 0., 0., 0., 0., 0., 0., 0., 0., 0., 0.], dtype=torch.float64, grad_fn=<MulBackward0>)
  [    ppo_loss (per transition)]  shape=(28,)  dtype=torch.float64
tensor([0.4009, 0.4009, 0.4050, 0.4050, 0.4118, 0.4118, 0.4187, 0.4187, 0.4082, 0.4082, 0.4187, 0.4187, 0.4080, 0.4080, 0.4118, 0.4118, 0.4126, 0.4126, 0.4187, 0.4187, 0.4187, 0.4187, 0.4092, 0.4092,
        0.4187, 0.4187, 0.4129, 0.4129], dtype=torch.float64, grad_fn=<SubBackward0>)
  [    dist_entropy]  shape=(28,)  dtype=torch.float32
tensor([    1.7864,     1.7864,     1.3759,     1.3769,     0.6931,     0.6931,     0.0000,     0.0000,     1.0479,     1.0479,     0.0000,     0.0000,     1.0688,     1.0688,     0.6931,     0.6931,
            0.6147,     0.6147,     0.0000,     0.0000,     0.0000,     0.0000,     0.9535,     0.9517,     0.0000,     0.0000,     0.5782,     0.5782], grad_fn=<NegBackward0>)
    loss_ppo (scalar) = 0.41243161

  [Interpreter  epoch=1  mb=0]
  [    h_for_interpreter shape]  shape=(4,)  dtype=torch.int64
tensor([28,  3,  3, 32])
  [    batch_real shape]  shape=(4,)  dtype=torch.int64
tensor([28,  3,  3, 11])
  [    current_pred_raw shape]  shape=(4,)  dtype=torch.int64
tensor([28,  3,  3, 11])
    interp_loss = 0.82379395
  [    batch_real[0]  (raw features target)]  shape=(3, 3, 11)  dtype=torch.float32
tensor([[[ 0.0000, -0.5401, -0.5671,  0.5401,  0.2293, -0.9945,  0.2293,  0.0000,  0.0000,  0.0000,  0.0000],
         [ 0.0000, -0.5401, -0.5671,  0.5401,  0.2293, -0.9945,  0.2293,  0.0000, -1.0000,  0.0000,  0.0000],
         [ 0.0000, -0.5401, -0.5671,  0.5401,  0.2293, -0.9945,  0.2293,  0.0000,  1.0000,  0.0000,  0.0000]],

        [[ 0.0000, -0.5401, -1.6417,  0.5401,  0.8109, -0.9945,  0.8109,  0.0000,  0.0000,  0.0000,  0.0000],
         [ 0.0000, -0.5401, -1.6417,  0.5401,  0.8109, -0.9945,  0.8109,  0.0000, -1.0000,  0.0000,  0.0000],
         [ 0.0000, -0.5401, -1.6417,  0.5401,  0.8109, -0.9945,  0.8109,  0.0000,  1.0000,  0.0000,  0.0000]],

        [[ 0.0000, -0.5401,  0.2686, -1.6202, -1.5603, -0.9945, -1.5603,  0.0000,  0.0000,  0.0000,  0.0000],
         [ 0.0000, -0.5401,  0.2686, -1.6202, -1.5603, -0.9945, -1.5603,  0.0000, -1.0000,  0.0000,  0.0000],
         [ 0.0000, -0.5401,  0.2686, -1.6202, -1.5603, -0.9945, -1.5603,  0.0000,  1.0000,  0.0000,  0.0000]]])
  [    current_pred_raw[0]  (model prediction)]  shape=(3, 3, 11)  dtype=torch.float32
tensor([[[     0.0652,      0.2188,      0.1035,      0.2167,      0.3186,      0.1077,     -0.1658,      0.2971,      0.0640,     -0.2163,      0.1326],
         [     0.0615,      0.2729,      0.1326,      0.2727,      0.2295,      0.0929,     -0.1598,      0.3101,     -0.0915,     -0.1939,     -0.0002],
         [     0.0830,      0.1818,      0.0879,      0.1945,      0.3913,      0.1236,     -0.1808,      0.2782,      0.1515,     -0.2555,      0.2137]],

        [[     0.0663,      0.2187,      0.1037,      0.2171,      0.3179,      0.1078,     -0.1656,      0.2967,      0.0642,     -0.2169,      0.1320],
         [     0.0626,      0.2729,      0.1327,      0.2731,      0.2289,      0.0929,     -0.1596,      0.3097,     -0.0914,     -0.1946,     -0.0008],
         [     0.0840,      0.1816,      0.0880,      0.1948,      0.3906,      0.1237,     -0.1807,      0.2777,      0.1517,     -0.2560,      0.2132]],

        [[     0.0619,      0.2211,      0.1061,      0.2179,      0.3202,      0.1094,     -0.1665,      0.3002,      0.0628,     -0.2146,      0.1329],
         [     0.0581,      0.2750,      0.1352,      0.2738,      0.2309,      0.0944,     -0.1605,      0.3132,     -0.0929,     -0.1919,      0.0001],
         [     0.0797,      0.1843,      0.0904,      0.1958,      0.3930,      0.1252,     -0.1815,      0.2812,      0.1502,     -0.2538,      0.2140]]], grad_fn=<SelectBackward0>)

  [epoch=2  mb=0  slice=0:28]
  [    old_logprobs slice]  shape=(28,)  dtype=torch.float32
tensor([    -1.6580,     -1.6580,     -1.1944,     -1.2000,     -0.6922,     -0.6922,     -0.0000,     -0.0000,     -0.8086,     -0.8086,     -0.0000,     -0.0000,     -0.8545,     -0.8545,
            -0.6810,     -0.6802,     -0.2321,     -0.2321,     -0.0000,     -0.0000,     -0.0000,     -0.0000,     -0.3683,     -0.3682,     -0.0000,     -0.0000,     -0.2020,     -0.2020])
  [    logprobs (new policy)]  shape=(28,)  dtype=torch.float32
tensor([    -1.7598,     -1.7598,     -1.3129,     -1.3211,     -0.6923,     -0.6923,     -0.0000,     -0.0000,     -0.9963,     -0.9963,     -0.0000,     -0.0000,     -1.0147,     -1.0147,
            -0.6815,     -0.6804,     -0.5389,     -0.5389,     -0.0000,     -0.0000,     -0.0000,     -0.0000,     -0.7030,     -0.6962,     -0.0000,     -0.0000,     -0.4536,     -0.4536],
       grad_fn=<SqueezeBackward1>)
  [    state_values]  shape=(28,)  dtype=torch.float64
tensor([-0.0380, -0.0380, -0.0063, -0.0134, -0.0498, -0.0498, -0.0224, -0.0317, -0.0467, -0.0467, -0.0235, -0.0353, -0.0456, -0.0456, -0.0283, -0.0350, -0.0360, -0.0360, -0.0246, -0.0366, -0.0179,
        -0.0179,  0.0036,  0.0057, -0.0273, -0.0273, -0.0254, -0.0254], dtype=torch.float64, grad_fn=<ToCopyBackward0>)
  [    rewards_envs slice (normalised returns)]  shape=(28,)  dtype=torch.float64
tensor([-0.7955, -0.7955, -0.8158, -0.8158, -0.7955, -0.7955, -0.7332, -0.7332, -0.7955, -0.7955, -0.7332, -0.7332, -0.6798, -0.6798, -0.7332, -0.7332, -0.6798, -0.6798, -0.7332, -0.7332,  1.2487,
         1.2487,  1.2495,  1.2495,  1.2487,  1.2487,  1.2487,  1.2487], dtype=torch.float64)
  [    advantages]  shape=(28,)  dtype=torch.float64
tensor([0., 0., 0., 0., 0., 0., 0., 0., 0., 0., 0., 0., 0., 0., 0., 0., 0., 0., 0., 0., 0., 0., 0., 0., 0., 0., 0., 0.], dtype=torch.float64)
  [    ratios (new/old)]  shape=(28,)  dtype=torch.float32
tensor([0.9032, 0.9032, 0.8882, 0.8859, 0.9999, 0.9999, 1.0000, 1.0000, 0.8288, 0.8288, 1.0000, 1.0000, 0.8520, 0.8520, 0.9995, 0.9998, 0.7358, 0.7358, 1.0000, 1.0000, 1.0000, 1.0000, 0.7155, 0.7203,
        1.0000, 1.0000, 0.7775, 0.7775], grad_fn=<ExpBackward0>)
  [    surr1]  shape=(28,)  dtype=torch.float64
tensor([0., 0., 0., 0., 0., 0., 0., 0., 0., 0., 0., 0., 0., 0., 0., 0., 0., 0., 0., 0., 0., 0., 0., 0., 0., 0., 0., 0.], dtype=torch.float64, grad_fn=<MulBackward0>)
  [    surr2]  shape=(28,)  dtype=torch.float64
tensor([0., 0., 0., 0., 0., 0., 0., 0., 0., 0., 0., 0., 0., 0., 0., 0., 0., 0., 0., 0., 0., 0., 0., 0., 0., 0., 0., 0.], dtype=torch.float64, grad_fn=<MulBackward0>)
  [    ppo_loss (per transition)]  shape=(28,)  dtype=torch.float64
tensor([0.3943, 0.3943, 0.3984, 0.3984, 0.4053, 0.4053, 0.4122, 0.4122, 0.4013, 0.4013, 0.4122, 0.4122, 0.4013, 0.4013, 0.4053, 0.4053, 0.4054, 0.4054, 0.4122, 0.4122, 0.4122, 0.4122, 0.4018, 0.4018,
        0.4122, 0.4122, 0.4056, 0.4056], dtype=torch.float64, grad_fn=<SubBackward0>)
  [    dist_entropy]  shape=(28,)  dtype=torch.float32
tensor([    1.7906,     1.7906,     1.3836,     1.3841,     0.6931,     0.6931,     0.0000,     0.0000,     1.0902,     1.0902,     0.0000,     0.0000,     1.0935,     1.0935,     0.6931,     0.6931,
            0.6792,     0.6792,     0.0000,     0.0000,     0.0000,     0.0000,     1.0431,     1.0408,     0.0000,     0.0000,     0.6561,     0.6561], grad_fn=<NegBackward0>)
    loss_ppo (scalar) = 0.40569164

  [Interpreter  epoch=2  mb=0]
  [    h_for_interpreter shape]  shape=(4,)  dtype=torch.int64
tensor([28,  3,  3, 32])
  [    batch_real shape]  shape=(4,)  dtype=torch.int64
tensor([28,  3,  3, 11])
  [    current_pred_raw shape]  shape=(4,)  dtype=torch.int64
tensor([28,  3,  3, 11])
    interp_loss = 0.82084703
  [    batch_real[0]  (raw features target)]  shape=(3, 3, 11)  dtype=torch.float32
tensor([[[ 0.0000, -0.5401, -0.5671,  0.5401,  0.2293, -0.9945,  0.2293,  0.0000,  0.0000,  0.0000,  0.0000],
         [ 0.0000, -0.5401, -0.5671,  0.5401,  0.2293, -0.9945,  0.2293,  0.0000, -1.0000,  0.0000,  0.0000],
         [ 0.0000, -0.5401, -0.5671,  0.5401,  0.2293, -0.9945,  0.2293,  0.0000,  1.0000,  0.0000,  0.0000]],

        [[ 0.0000, -0.5401, -1.6417,  0.5401,  0.8109, -0.9945,  0.8109,  0.0000,  0.0000,  0.0000,  0.0000],
         [ 0.0000, -0.5401, -1.6417,  0.5401,  0.8109, -0.9945,  0.8109,  0.0000, -1.0000,  0.0000,  0.0000],
         [ 0.0000, -0.5401, -1.6417,  0.5401,  0.8109, -0.9945,  0.8109,  0.0000,  1.0000,  0.0000,  0.0000]],

        [[ 0.0000, -0.5401,  0.2686, -1.6202, -1.5603, -0.9945, -1.5603,  0.0000,  0.0000,  0.0000,  0.0000],
         [ 0.0000, -0.5401,  0.2686, -1.6202, -1.5603, -0.9945, -1.5603,  0.0000, -1.0000,  0.0000,  0.0000],
         [ 0.0000, -0.5401,  0.2686, -1.6202, -1.5603, -0.9945, -1.5603,  0.0000,  1.0000,  0.0000,  0.0000]]])
  [    current_pred_raw[0]  (model prediction)]  shape=(3, 3, 11)  dtype=torch.float32
tensor([[[     0.0633,      0.2207,      0.0949,      0.2222,      0.3113,      0.1028,     -0.1660,      0.2871,      0.0619,     -0.2124,      0.1325],
         [     0.0599,      0.2751,      0.1241,      0.2779,      0.2224,      0.0887,     -0.1600,      0.3003,     -0.0936,     -0.1907,     -0.0001],
         [     0.0810,      0.1835,      0.0788,      0.2000,      0.3840,      0.1183,     -0.1807,      0.2679,      0.1504,     -0.2511,      0.2141]],

        [[     0.0645,      0.2206,      0.0949,      0.2225,      0.3106,      0.1029,     -0.1657,      0.2866,      0.0621,     -0.2131,      0.1320],
         [     0.0612,      0.2751,      0.1241,      0.2783,      0.2218,      0.0887,     -0.1597,      0.2998,     -0.0934,     -0.1915,     -0.0007],
         [     0.0821,      0.1833,      0.0788,      0.2003,      0.3832,      0.1184,     -0.1804,      0.2674,      0.1506,     -0.2517,      0.2136]],

        [[     0.0598,      0.2235,      0.0978,      0.2238,      0.3131,      0.1047,     -0.1670,      0.2905,      0.0604,     -0.2104,      0.1326],
         [     0.0563,      0.2776,      0.1271,      0.2793,      0.2240,      0.0904,     -0.1611,      0.3038,     -0.0953,     -0.1885,      0.0000],
         [     0.0775,      0.1866,      0.0816,      0.2017,      0.3860,      0.1202,     -0.1816,      0.2713,      0.1488,     -0.2491,      0.2142]]], grad_fn=<SelectBackward0>)

======================================================================
  PPO.update COMPLETE
======================================================================
  loss_epochs / K_epochs = 0.41294458
  rewards_envs.mean()    = -0.17850627
